Arguments: 
  /home/havard/.nvm/versions/node/v8.4.0/bin/node /home/havard/.nvm/versions/node/v8.4.0/bin/yarn add passwordless-postgrestore

PATH: 
  /home/havard/lib/zplug/bin:/home/havard/.nvm/versions/node/v8.4.0/bin:/home/havard/.opam/4.02.3/bin:./bin:/home/havard/.cargo/bin:/bin:/usr/bin:/usr/local/bin:/usr/local/sbin:/opt/android-sdk/platform-tools:/usr/lib/jvm/default/bin:/usr/bin/site_perl:/usr/bin/vendor_perl:/usr/bin/core_perl:/home/havard/bin:/usr/share/intellij-idea-ultimate-edition/bin:./node_modules/.bin:/home/havard/apps/javaflow/bin:/home/havard/apps/sonarlint/bin:/opt/glassfish4/bin:/home/havard/lib/emsdk-portable:/home/havard/lib/emsdk-portable/clang/fastcomp/build_incoming_64/bin:/home/havard/lib/emsdk-portable/emscripten/incoming:/home/havard/Android/Sdk/tools:/home/havard/Android/Sdk/platform-tools

Yarn version: 
  1.5.1

Node version: 
  8.4.0

Platform: 
  linux x64

npm manifest: 
  {
    "name": "lifefeed-server",
    "version": "1.0.0",
    "description": "",
    "main": "index.js",
    "scripts": {
      "test": "echo \"Error: no test specified\" && exit 1"
    },
    "author": "",
    "license": "MIT",
    "babel": {
      "presets": [
        "env"
      ]
    },
    "devDependencies": {
      "babel-polyfill": "^6.26.0",
      "babel-preset-env": "^1.6.1",
      "babel-register": "^6.26.0"
    },
    "dependencies": {
      "async": "^2.6.0",
      "body-parser": "^1.18.2",
      "express": "^4.16.3",
      "jpeg-autorotate": "^3.1.0",
      "multer": "^1.3.0",
      "node-gyp": "^3.6.2"
    }
  }

yarn manifest: 
  No manifest

Lockfile: 
  # THIS IS AN AUTOGENERATED FILE. DO NOT EDIT THIS FILE DIRECTLY.
  # yarn lockfile v1
  
  
  abbrev@1:
    version "1.1.1"
    resolved "https://registry.yarnpkg.com/abbrev/-/abbrev-1.1.1.tgz#f8f2c887ad10bf67f634f005b6987fed3179aac8"
  
  accepts@~1.3.5:
    version "1.3.5"
    resolved "https://registry.yarnpkg.com/accepts/-/accepts-1.3.5.tgz#eb777df6011723a3b14e8a72c0805c8e86746bd2"
    dependencies:
      mime-types "~2.1.18"
      negotiator "0.6.1"
  
  ajv@^5.1.0:
    version "5.5.2"
    resolved "https://registry.yarnpkg.com/ajv/-/ajv-5.5.2.tgz#73b5eeca3fab653e3d3f9422b341ad42205dc965"
    dependencies:
      co "^4.6.0"
      fast-deep-equal "^1.0.0"
      fast-json-stable-stringify "^2.0.0"
      json-schema-traverse "^0.3.0"
  
  ansi-regex@^2.0.0:
    version "2.1.1"
    resolved "https://registry.yarnpkg.com/ansi-regex/-/ansi-regex-2.1.1.tgz#c3b33ab5ee360d86e0e628f0468ae7ef27d654df"
  
  ansi-regex@^3.0.0:
    version "3.0.0"
    resolved "https://registry.yarnpkg.com/ansi-regex/-/ansi-regex-3.0.0.tgz#ed0317c322064f79466c02966bddb605ab37d998"
  
  ansi-styles@^2.2.1:
    version "2.2.1"
    resolved "https://registry.yarnpkg.com/ansi-styles/-/ansi-styles-2.2.1.tgz#b432dd3358b634cf75e1e4664368240533c1ddbe"
  
  append-field@^0.1.0:
    version "0.1.0"
    resolved "https://registry.yarnpkg.com/append-field/-/append-field-0.1.0.tgz#6ddc58fa083c7bc545d3c5995b2830cc2366d44a"
  
  aproba@^1.0.3:
    version "1.2.0"
    resolved "https://registry.yarnpkg.com/aproba/-/aproba-1.2.0.tgz#6802e6264efd18c790a1b0d517f0f2627bf2c94a"
  
  are-we-there-yet@~1.1.2:
    version "1.1.4"
    resolved "https://registry.yarnpkg.com/are-we-there-yet/-/are-we-there-yet-1.1.4.tgz#bb5dca382bb94f05e15194373d16fd3ba1ca110d"
    dependencies:
      delegates "^1.0.0"
      readable-stream "^2.0.6"
  
  array-flatten@1.1.1:
    version "1.1.1"
    resolved "https://registry.yarnpkg.com/array-flatten/-/array-flatten-1.1.1.tgz#9a5f699051b1e7073328f2a008968b64ea2955d2"
  
  asn1@~0.2.3:
    version "0.2.3"
    resolved "https://registry.yarnpkg.com/asn1/-/asn1-0.2.3.tgz#dac8787713c9966849fc8180777ebe9c1ddf3b86"
  
  assert-plus@1.0.0, assert-plus@^1.0.0:
    version "1.0.0"
    resolved "https://registry.yarnpkg.com/assert-plus/-/assert-plus-1.0.0.tgz#f12e0f3c5d77b0b1cdd9146942e4e96c1e4dd525"
  
  async@^2.5.0, async@^2.6.0:
    version "2.6.0"
    resolved "https://registry.yarnpkg.com/async/-/async-2.6.0.tgz#61a29abb6fcc026fea77e56d1c6ec53a795951f4"
    dependencies:
      lodash "^4.14.0"
  
  asynckit@^0.4.0:
    version "0.4.0"
    resolved "https://registry.yarnpkg.com/asynckit/-/asynckit-0.4.0.tgz#c79ed97f7f34cb8f2ba1bc9790bcc366474b4b79"
  
  aws-sign2@~0.7.0:
    version "0.7.0"
    resolved "https://registry.yarnpkg.com/aws-sign2/-/aws-sign2-0.7.0.tgz#b46e890934a9591f2d2f6f86d7e6a9f1b3fe76a8"
  
  aws4@^1.6.0:
    version "1.7.0"
    resolved "https://registry.yarnpkg.com/aws4/-/aws4-1.7.0.tgz#d4d0e9b9dbfca77bf08eeb0a8a471550fe39e289"
  
  babel-code-frame@^6.26.0:
    version "6.26.0"
    resolved "https://registry.yarnpkg.com/babel-code-frame/-/babel-code-frame-6.26.0.tgz#63fd43f7dc1e3bb7ce35947db8fe369a3f58c74b"
    dependencies:
      chalk "^1.1.3"
      esutils "^2.0.2"
      js-tokens "^3.0.2"
  
  babel-core@^6.26.0:
    version "6.26.0"
    resolved "https://registry.yarnpkg.com/babel-core/-/babel-core-6.26.0.tgz#af32f78b31a6fcef119c87b0fd8d9753f03a0bb8"
    dependencies:
      babel-code-frame "^6.26.0"
      babel-generator "^6.26.0"
      babel-helpers "^6.24.1"
      babel-messages "^6.23.0"
      babel-register "^6.26.0"
      babel-runtime "^6.26.0"
      babel-template "^6.26.0"
      babel-traverse "^6.26.0"
      babel-types "^6.26.0"
      babylon "^6.18.0"
      convert-source-map "^1.5.0"
      debug "^2.6.8"
      json5 "^0.5.1"
      lodash "^4.17.4"
      minimatch "^3.0.4"
      path-is-absolute "^1.0.1"
      private "^0.1.7"
      slash "^1.0.0"
      source-map "^0.5.6"
  
  babel-generator@^6.26.0:
    version "6.26.1"
    resolved "https://registry.yarnpkg.com/babel-generator/-/babel-generator-6.26.1.tgz#1844408d3b8f0d35a404ea7ac180f087a601bd90"
    dependencies:
      babel-messages "^6.23.0"
      babel-runtime "^6.26.0"
      babel-types "^6.26.0"
      detect-indent "^4.0.0"
      jsesc "^1.3.0"
      lodash "^4.17.4"
      source-map "^0.5.7"
      trim-right "^1.0.1"
  
  babel-helper-builder-binary-assignment-operator-visitor@^6.24.1:
    version "6.24.1"
    resolved "https://registry.yarnpkg.com/babel-helper-builder-binary-assignment-operator-visitor/-/babel-helper-builder-binary-assignment-operator-visitor-6.24.1.tgz#cce4517ada356f4220bcae8a02c2b346f9a56664"
    dependencies:
      babel-helper-explode-assignable-expression "^6.24.1"
      babel-runtime "^6.22.0"
      babel-types "^6.24.1"
  
  babel-helper-call-delegate@^6.24.1:
    version "6.24.1"
    resolved "https://registry.yarnpkg.com/babel-helper-call-delegate/-/babel-helper-call-delegate-6.24.1.tgz#ece6aacddc76e41c3461f88bfc575bd0daa2df8d"
    dependencies:
      babel-helper-hoist-variables "^6.24.1"
      babel-runtime "^6.22.0"
      babel-traverse "^6.24.1"
      babel-types "^6.24.1"
  
  babel-helper-define-map@^6.24.1:
    version "6.26.0"
    resolved "https://registry.yarnpkg.com/babel-helper-define-map/-/babel-helper-define-map-6.26.0.tgz#a5f56dab41a25f97ecb498c7ebaca9819f95be5f"
    dependencies:
      babel-helper-function-name "^6.24.1"
      babel-runtime "^6.26.0"
      babel-types "^6.26.0"
      lodash "^4.17.4"
  
  babel-helper-explode-assignable-expression@^6.24.1:
    version "6.24.1"
    resolved "https://registry.yarnpkg.com/babel-helper-explode-assignable-expression/-/babel-helper-explode-assignable-expression-6.24.1.tgz#f25b82cf7dc10433c55f70592d5746400ac22caa"
    dependencies:
      babel-runtime "^6.22.0"
      babel-traverse "^6.24.1"
      babel-types "^6.24.1"
  
  babel-helper-function-name@^6.24.1:
    version "6.24.1"
    resolved "https://registry.yarnpkg.com/babel-helper-function-name/-/babel-helper-function-name-6.24.1.tgz#d3475b8c03ed98242a25b48351ab18399d3580a9"
    dependencies:
      babel-helper-get-function-arity "^6.24.1"
      babel-runtime "^6.22.0"
      babel-template "^6.24.1"
      babel-traverse "^6.24.1"
      babel-types "^6.24.1"
  
  babel-helper-get-function-arity@^6.24.1:
    version "6.24.1"
    resolved "https://registry.yarnpkg.com/babel-helper-get-function-arity/-/babel-helper-get-function-arity-6.24.1.tgz#8f7782aa93407c41d3aa50908f89b031b1b6853d"
    dependencies:
      babel-runtime "^6.22.0"
      babel-types "^6.24.1"
  
  babel-helper-hoist-variables@^6.24.1:
    version "6.24.1"
    resolved "https://registry.yarnpkg.com/babel-helper-hoist-variables/-/babel-helper-hoist-variables-6.24.1.tgz#1ecb27689c9d25513eadbc9914a73f5408be7a76"
    dependencies:
      babel-runtime "^6.22.0"
      babel-types "^6.24.1"
  
  babel-helper-optimise-call-expression@^6.24.1:
    version "6.24.1"
    resolved "https://registry.yarnpkg.com/babel-helper-optimise-call-expression/-/babel-helper-optimise-call-expression-6.24.1.tgz#f7a13427ba9f73f8f4fa993c54a97882d1244257"
    dependencies:
      babel-runtime "^6.22.0"
      babel-types "^6.24.1"
  
  babel-helper-regex@^6.24.1:
    version "6.26.0"
    resolved "https://registry.yarnpkg.com/babel-helper-regex/-/babel-helper-regex-6.26.0.tgz#325c59f902f82f24b74faceed0363954f6495e72"
    dependencies:
      babel-runtime "^6.26.0"
      babel-types "^6.26.0"
      lodash "^4.17.4"
  
  babel-helper-remap-async-to-generator@^6.24.1:
    version "6.24.1"
    resolved "https://registry.yarnpkg.com/babel-helper-remap-async-to-generator/-/babel-helper-remap-async-to-generator-6.24.1.tgz#5ec581827ad723fecdd381f1c928390676e4551b"
    dependencies:
      babel-helper-function-name "^6.24.1"
      babel-runtime "^6.22.0"
      babel-template "^6.24.1"
      babel-traverse "^6.24.1"
      babel-types "^6.24.1"
  
  babel-helper-replace-supers@^6.24.1:
    version "6.24.1"
    resolved "https://registry.yarnpkg.com/babel-helper-replace-supers/-/babel-helper-replace-supers-6.24.1.tgz#bf6dbfe43938d17369a213ca8a8bf74b6a90ab1a"
    dependencies:
      babel-helper-optimise-call-expression "^6.24.1"
      babel-messages "^6.23.0"
      babel-runtime "^6.22.0"
      babel-template "^6.24.1"
      babel-traverse "^6.24.1"
      babel-types "^6.24.1"
  
  babel-helpers@^6.24.1:
    version "6.24.1"
    resolved "https://registry.yarnpkg.com/babel-helpers/-/babel-helpers-6.24.1.tgz#3471de9caec388e5c850e597e58a26ddf37602b2"
    dependencies:
      babel-runtime "^6.22.0"
      babel-template "^6.24.1"
  
  babel-messages@^6.23.0:
    version "6.23.0"
    resolved "https://registry.yarnpkg.com/babel-messages/-/babel-messages-6.23.0.tgz#f3cdf4703858035b2a2951c6ec5edf6c62f2630e"
    dependencies:
      babel-runtime "^6.22.0"
  
  babel-plugin-check-es2015-constants@^6.22.0:
    version "6.22.0"
    resolved "https://registry.yarnpkg.com/babel-plugin-check-es2015-constants/-/babel-plugin-check-es2015-constants-6.22.0.tgz#35157b101426fd2ffd3da3f75c7d1e91835bbf8a"
    dependencies:
      babel-runtime "^6.22.0"
  
  babel-plugin-syntax-async-functions@^6.8.0:
    version "6.13.0"
    resolved "https://registry.yarnpkg.com/babel-plugin-syntax-async-functions/-/babel-plugin-syntax-async-functions-6.13.0.tgz#cad9cad1191b5ad634bf30ae0872391e0647be95"
  
  babel-plugin-syntax-exponentiation-operator@^6.8.0:
    version "6.13.0"
    resolved "https://registry.yarnpkg.com/babel-plugin-syntax-exponentiation-operator/-/babel-plugin-syntax-exponentiation-operator-6.13.0.tgz#9ee7e8337290da95288201a6a57f4170317830de"
  
  babel-plugin-syntax-trailing-function-commas@^6.22.0:
    version "6.22.0"
    resolved "https://registry.yarnpkg.com/babel-plugin-syntax-trailing-function-commas/-/babel-plugin-syntax-trailing-function-commas-6.22.0.tgz#ba0360937f8d06e40180a43fe0d5616fff532cf3"
  
  babel-plugin-transform-async-to-generator@^6.22.0:
    version "6.24.1"
    resolved "https://registry.yarnpkg.com/babel-plugin-transform-async-to-generator/-/babel-plugin-transform-async-to-generator-6.24.1.tgz#6536e378aff6cb1d5517ac0e40eb3e9fc8d08761"
    dependencies:
      babel-helper-remap-async-to-generator "^6.24.1"
      babel-plugin-syntax-async-functions "^6.8.0"
      babel-runtime "^6.22.0"
  
  babel-plugin-transform-es2015-arrow-functions@^6.22.0:
    version "6.22.0"
    resolved "https://registry.yarnpkg.com/babel-plugin-transform-es2015-arrow-functions/-/babel-plugin-transform-es2015-arrow-functions-6.22.0.tgz#452692cb711d5f79dc7f85e440ce41b9f244d221"
    dependencies:
      babel-runtime "^6.22.0"
  
  babel-plugin-transform-es2015-block-scoped-functions@^6.22.0:
    version "6.22.0"
    resolved "https://registry.yarnpkg.com/babel-plugin-transform-es2015-block-scoped-functions/-/babel-plugin-transform-es2015-block-scoped-functions-6.22.0.tgz#bbc51b49f964d70cb8d8e0b94e820246ce3a6141"
    dependencies:
      babel-runtime "^6.22.0"
  
  babel-plugin-transform-es2015-block-scoping@^6.23.0:
    version "6.26.0"
    resolved "https://registry.yarnpkg.com/babel-plugin-transform-es2015-block-scoping/-/babel-plugin-transform-es2015-block-scoping-6.26.0.tgz#d70f5299c1308d05c12f463813b0a09e73b1895f"
    dependencies:
      babel-runtime "^6.26.0"
      babel-template "^6.26.0"
      babel-traverse "^6.26.0"
      babel-types "^6.26.0"
      lodash "^4.17.4"
  
  babel-plugin-transform-es2015-classes@^6.23.0:
    version "6.24.1"
    resolved "https://registry.yarnpkg.com/babel-plugin-transform-es2015-classes/-/babel-plugin-transform-es2015-classes-6.24.1.tgz#5a4c58a50c9c9461e564b4b2a3bfabc97a2584db"
    dependencies:
      babel-helper-define-map "^6.24.1"
      babel-helper-function-name "^6.24.1"
      babel-helper-optimise-call-expression "^6.24.1"
      babel-helper-replace-supers "^6.24.1"
      babel-messages "^6.23.0"
      babel-runtime "^6.22.0"
      babel-template "^6.24.1"
      babel-traverse "^6.24.1"
      babel-types "^6.24.1"
  
  babel-plugin-transform-es2015-computed-properties@^6.22.0:
    version "6.24.1"
    resolved "https://registry.yarnpkg.com/babel-plugin-transform-es2015-computed-properties/-/babel-plugin-transform-es2015-computed-properties-6.24.1.tgz#6fe2a8d16895d5634f4cd999b6d3480a308159b3"
    dependencies:
      babel-runtime "^6.22.0"
      babel-template "^6.24.1"
  
  babel-plugin-transform-es2015-destructuring@^6.23.0:
    version "6.23.0"
    resolved "https://registry.yarnpkg.com/babel-plugin-transform-es2015-destructuring/-/babel-plugin-transform-es2015-destructuring-6.23.0.tgz#997bb1f1ab967f682d2b0876fe358d60e765c56d"
    dependencies:
      babel-runtime "^6.22.0"
  
  babel-plugin-transform-es2015-duplicate-keys@^6.22.0:
    version "6.24.1"
    resolved "https://registry.yarnpkg.com/babel-plugin-transform-es2015-duplicate-keys/-/babel-plugin-transform-es2015-duplicate-keys-6.24.1.tgz#73eb3d310ca969e3ef9ec91c53741a6f1576423e"
    dependencies:
      babel-runtime "^6.22.0"
      babel-types "^6.24.1"
  
  babel-plugin-transform-es2015-for-of@^6.23.0:
    version "6.23.0"
    resolved "https://registry.yarnpkg.com/babel-plugin-transform-es2015-for-of/-/babel-plugin-transform-es2015-for-of-6.23.0.tgz#f47c95b2b613df1d3ecc2fdb7573623c75248691"
    dependencies:
      babel-runtime "^6.22.0"
  
  babel-plugin-transform-es2015-function-name@^6.22.0:
    version "6.24.1"
    resolved "https://registry.yarnpkg.com/babel-plugin-transform-es2015-function-name/-/babel-plugin-transform-es2015-function-name-6.24.1.tgz#834c89853bc36b1af0f3a4c5dbaa94fd8eacaa8b"
    dependencies:
      babel-helper-function-name "^6.24.1"
      babel-runtime "^6.22.0"
      babel-types "^6.24.1"
  
  babel-plugin-transform-es2015-literals@^6.22.0:
    version "6.22.0"
    resolved "https://registry.yarnpkg.com/babel-plugin-transform-es2015-literals/-/babel-plugin-transform-es2015-literals-6.22.0.tgz#4f54a02d6cd66cf915280019a31d31925377ca2e"
    dependencies:
      babel-runtime "^6.22.0"
  
  babel-plugin-transform-es2015-modules-amd@^6.22.0, babel-plugin-transform-es2015-modules-amd@^6.24.1:
    version "6.24.1"
    resolved "https://registry.yarnpkg.com/babel-plugin-transform-es2015-modules-amd/-/babel-plugin-transform-es2015-modules-amd-6.24.1.tgz#3b3e54017239842d6d19c3011c4bd2f00a00d154"
    dependencies:
      babel-plugin-transform-es2015-modules-commonjs "^6.24.1"
      babel-runtime "^6.22.0"
      babel-template "^6.24.1"
  
  babel-plugin-transform-es2015-modules-commonjs@^6.23.0, babel-plugin-transform-es2015-modules-commonjs@^6.24.1:
    version "6.26.0"
    resolved "https://registry.yarnpkg.com/babel-plugin-transform-es2015-modules-commonjs/-/babel-plugin-transform-es2015-modules-commonjs-6.26.0.tgz#0d8394029b7dc6abe1a97ef181e00758dd2e5d8a"
    dependencies:
      babel-plugin-transform-strict-mode "^6.24.1"
      babel-runtime "^6.26.0"
      babel-template "^6.26.0"
      babel-types "^6.26.0"
  
  babel-plugin-transform-es2015-modules-systemjs@^6.23.0:
    version "6.24.1"
    resolved "https://registry.yarnpkg.com/babel-plugin-transform-es2015-modules-systemjs/-/babel-plugin-transform-es2015-modules-systemjs-6.24.1.tgz#ff89a142b9119a906195f5f106ecf305d9407d23"
    dependencies:
      babel-helper-hoist-variables "^6.24.1"
      babel-runtime "^6.22.0"
      babel-template "^6.24.1"
  
  babel-plugin-transform-es2015-modules-umd@^6.23.0:
    version "6.24.1"
    resolved "https://registry.yarnpkg.com/babel-plugin-transform-es2015-modules-umd/-/babel-plugin-transform-es2015-modules-umd-6.24.1.tgz#ac997e6285cd18ed6176adb607d602344ad38468"
    dependencies:
      babel-plugin-transform-es2015-modules-amd "^6.24.1"
      babel-runtime "^6.22.0"
      babel-template "^6.24.1"
  
  babel-plugin-transform-es2015-object-super@^6.22.0:
    version "6.24.1"
    resolved "https://registry.yarnpkg.com/babel-plugin-transform-es2015-object-super/-/babel-plugin-transform-es2015-object-super-6.24.1.tgz#24cef69ae21cb83a7f8603dad021f572eb278f8d"
    dependencies:
      babel-helper-replace-supers "^6.24.1"
      babel-runtime "^6.22.0"
  
  babel-plugin-transform-es2015-parameters@^6.23.0:
    version "6.24.1"
    resolved "https://registry.yarnpkg.com/babel-plugin-transform-es2015-parameters/-/babel-plugin-transform-es2015-parameters-6.24.1.tgz#57ac351ab49caf14a97cd13b09f66fdf0a625f2b"
    dependencies:
      babel-helper-call-delegate "^6.24.1"
      babel-helper-get-function-arity "^6.24.1"
      babel-runtime "^6.22.0"
      babel-template "^6.24.1"
      babel-traverse "^6.24.1"
      babel-types "^6.24.1"
  
  babel-plugin-transform-es2015-shorthand-properties@^6.22.0:
    version "6.24.1"
    resolved "https://registry.yarnpkg.com/babel-plugin-transform-es2015-shorthand-properties/-/babel-plugin-transform-es2015-shorthand-properties-6.24.1.tgz#24f875d6721c87661bbd99a4622e51f14de38aa0"
    dependencies:
      babel-runtime "^6.22.0"
      babel-types "^6.24.1"
  
  babel-plugin-transform-es2015-spread@^6.22.0:
    version "6.22.0"
    resolved "https://registry.yarnpkg.com/babel-plugin-transform-es2015-spread/-/babel-plugin-transform-es2015-spread-6.22.0.tgz#d6d68a99f89aedc4536c81a542e8dd9f1746f8d1"
    dependencies:
      babel-runtime "^6.22.0"
  
  babel-plugin-transform-es2015-sticky-regex@^6.22.0:
    version "6.24.1"
    resolved "https://registry.yarnpkg.com/babel-plugin-transform-es2015-sticky-regex/-/babel-plugin-transform-es2015-sticky-regex-6.24.1.tgz#00c1cdb1aca71112cdf0cf6126c2ed6b457ccdbc"
    dependencies:
      babel-helper-regex "^6.24.1"
      babel-runtime "^6.22.0"
      babel-types "^6.24.1"
  
  babel-plugin-transform-es2015-template-literals@^6.22.0:
    version "6.22.0"
    resolved "https://registry.yarnpkg.com/babel-plugin-transform-es2015-template-literals/-/babel-plugin-transform-es2015-template-literals-6.22.0.tgz#a84b3450f7e9f8f1f6839d6d687da84bb1236d8d"
    dependencies:
      babel-runtime "^6.22.0"
  
  babel-plugin-transform-es2015-typeof-symbol@^6.23.0:
    version "6.23.0"
    resolved "https://registry.yarnpkg.com/babel-plugin-transform-es2015-typeof-symbol/-/babel-plugin-transform-es2015-typeof-symbol-6.23.0.tgz#dec09f1cddff94b52ac73d505c84df59dcceb372"
    dependencies:
      babel-runtime "^6.22.0"
  
  babel-plugin-transform-es2015-unicode-regex@^6.22.0:
    version "6.24.1"
    resolved "https://registry.yarnpkg.com/babel-plugin-transform-es2015-unicode-regex/-/babel-plugin-transform-es2015-unicode-regex-6.24.1.tgz#d38b12f42ea7323f729387f18a7c5ae1faeb35e9"
    dependencies:
      babel-helper-regex "^6.24.1"
      babel-runtime "^6.22.0"
      regexpu-core "^2.0.0"
  
  babel-plugin-transform-exponentiation-operator@^6.22.0:
    version "6.24.1"
    resolved "https://registry.yarnpkg.com/babel-plugin-transform-exponentiation-operator/-/babel-plugin-transform-exponentiation-operator-6.24.1.tgz#2ab0c9c7f3098fa48907772bb813fe41e8de3a0e"
    dependencies:
      babel-helper-builder-binary-assignment-operator-visitor "^6.24.1"
      babel-plugin-syntax-exponentiation-operator "^6.8.0"
      babel-runtime "^6.22.0"
  
  babel-plugin-transform-regenerator@^6.22.0:
    version "6.26.0"
    resolved "https://registry.yarnpkg.com/babel-plugin-transform-regenerator/-/babel-plugin-transform-regenerator-6.26.0.tgz#e0703696fbde27f0a3efcacf8b4dca2f7b3a8f2f"
    dependencies:
      regenerator-transform "^0.10.0"
  
  babel-plugin-transform-strict-mode@^6.24.1:
    version "6.24.1"
    resolved "https://registry.yarnpkg.com/babel-plugin-transform-strict-mode/-/babel-plugin-transform-strict-mode-6.24.1.tgz#d5faf7aa578a65bbe591cf5edae04a0c67020758"
    dependencies:
      babel-runtime "^6.22.0"
      babel-types "^6.24.1"
  
  babel-polyfill@^6.26.0:
    version "6.26.0"
    resolved "https://registry.yarnpkg.com/babel-polyfill/-/babel-polyfill-6.26.0.tgz#379937abc67d7895970adc621f284cd966cf2153"
    dependencies:
      babel-runtime "^6.26.0"
      core-js "^2.5.0"
      regenerator-runtime "^0.10.5"
  
  babel-preset-env@^1.6.1:
    version "1.6.1"
    resolved "https://registry.yarnpkg.com/babel-preset-env/-/babel-preset-env-1.6.1.tgz#a18b564cc9b9afdf4aae57ae3c1b0d99188e6f48"
    dependencies:
      babel-plugin-check-es2015-constants "^6.22.0"
      babel-plugin-syntax-trailing-function-commas "^6.22.0"
      babel-plugin-transform-async-to-generator "^6.22.0"
      babel-plugin-transform-es2015-arrow-functions "^6.22.0"
      babel-plugin-transform-es2015-block-scoped-functions "^6.22.0"
      babel-plugin-transform-es2015-block-scoping "^6.23.0"
      babel-plugin-transform-es2015-classes "^6.23.0"
      babel-plugin-transform-es2015-computed-properties "^6.22.0"
      babel-plugin-transform-es2015-destructuring "^6.23.0"
      babel-plugin-transform-es2015-duplicate-keys "^6.22.0"
      babel-plugin-transform-es2015-for-of "^6.23.0"
      babel-plugin-transform-es2015-function-name "^6.22.0"
      babel-plugin-transform-es2015-literals "^6.22.0"
      babel-plugin-transform-es2015-modules-amd "^6.22.0"
      babel-plugin-transform-es2015-modules-commonjs "^6.23.0"
      babel-plugin-transform-es2015-modules-systemjs "^6.23.0"
      babel-plugin-transform-es2015-modules-umd "^6.23.0"
      babel-plugin-transform-es2015-object-super "^6.22.0"
      babel-plugin-transform-es2015-parameters "^6.23.0"
      babel-plugin-transform-es2015-shorthand-properties "^6.22.0"
      babel-plugin-transform-es2015-spread "^6.22.0"
      babel-plugin-transform-es2015-sticky-regex "^6.22.0"
      babel-plugin-transform-es2015-template-literals "^6.22.0"
      babel-plugin-transform-es2015-typeof-symbol "^6.23.0"
      babel-plugin-transform-es2015-unicode-regex "^6.22.0"
      babel-plugin-transform-exponentiation-operator "^6.22.0"
      babel-plugin-transform-regenerator "^6.22.0"
      browserslist "^2.1.2"
      invariant "^2.2.2"
      semver "^5.3.0"
  
  babel-register@^6.26.0:
    version "6.26.0"
    resolved "https://registry.yarnpkg.com/babel-register/-/babel-register-6.26.0.tgz#6ed021173e2fcb486d7acb45c6009a856f647071"
    dependencies:
      babel-core "^6.26.0"
      babel-runtime "^6.26.0"
      core-js "^2.5.0"
      home-or-tmp "^2.0.0"
      lodash "^4.17.4"
      mkdirp "^0.5.1"
      source-map-support "^0.4.15"
  
  babel-runtime@^6.18.0, babel-runtime@^6.22.0, babel-runtime@^6.26.0:
    version "6.26.0"
    resolved "https://registry.yarnpkg.com/babel-runtime/-/babel-runtime-6.26.0.tgz#965c7058668e82b55d7bfe04ff2337bc8b5647fe"
    dependencies:
      core-js "^2.4.0"
      regenerator-runtime "^0.11.0"
  
  babel-template@^6.24.1, babel-template@^6.26.0:
    version "6.26.0"
    resolved "https://registry.yarnpkg.com/babel-template/-/babel-template-6.26.0.tgz#de03e2d16396b069f46dd9fff8521fb1a0e35e02"
    dependencies:
      babel-runtime "^6.26.0"
      babel-traverse "^6.26.0"
      babel-types "^6.26.0"
      babylon "^6.18.0"
      lodash "^4.17.4"
  
  babel-traverse@^6.24.1, babel-traverse@^6.26.0:
    version "6.26.0"
    resolved "https://registry.yarnpkg.com/babel-traverse/-/babel-traverse-6.26.0.tgz#46a9cbd7edcc62c8e5c064e2d2d8d0f4035766ee"
    dependencies:
      babel-code-frame "^6.26.0"
      babel-messages "^6.23.0"
      babel-runtime "^6.26.0"
      babel-types "^6.26.0"
      babylon "^6.18.0"
      debug "^2.6.8"
      globals "^9.18.0"
      invariant "^2.2.2"
      lodash "^4.17.4"
  
  babel-types@^6.19.0, babel-types@^6.24.1, babel-types@^6.26.0:
    version "6.26.0"
    resolved "https://registry.yarnpkg.com/babel-types/-/babel-types-6.26.0.tgz#a3b073f94ab49eb6fa55cd65227a334380632497"
    dependencies:
      babel-runtime "^6.26.0"
      esutils "^2.0.2"
      lodash "^4.17.4"
      to-fast-properties "^1.0.3"
  
  babylon@^6.18.0:
    version "6.18.0"
    resolved "https://registry.yarnpkg.com/babylon/-/babylon-6.18.0.tgz#af2f3b88fa6f5c1e4c634d1a0f8eac4f55b395e3"
  
  balanced-match@^1.0.0:
    version "1.0.0"
    resolved "https://registry.yarnpkg.com/balanced-match/-/balanced-match-1.0.0.tgz#89b4d199ab2bee49de164ea02b89ce462d71b767"
  
  bcrypt-pbkdf@^1.0.0:
    version "1.0.1"
    resolved "https://registry.yarnpkg.com/bcrypt-pbkdf/-/bcrypt-pbkdf-1.0.1.tgz#63bc5dcb61331b92bc05fd528953c33462a06f8d"
    dependencies:
      tweetnacl "^0.14.3"
  
  block-stream@*:
    version "0.0.9"
    resolved "https://registry.yarnpkg.com/block-stream/-/block-stream-0.0.9.tgz#13ebfe778a03205cfe03751481ebb4b3300c126a"
    dependencies:
      inherits "~2.0.0"
  
  body-parser@1.18.2, body-parser@^1.18.2:
    version "1.18.2"
    resolved "https://registry.yarnpkg.com/body-parser/-/body-parser-1.18.2.tgz#87678a19d84b47d859b83199bd59bce222b10454"
    dependencies:
      bytes "3.0.0"
      content-type "~1.0.4"
      debug "2.6.9"
      depd "~1.1.1"
      http-errors "~1.6.2"
      iconv-lite "0.4.19"
      on-finished "~2.3.0"
      qs "6.5.1"
      raw-body "2.3.2"
      type-is "~1.6.15"
  
  boom@4.x.x:
    version "4.3.1"
    resolved "https://registry.yarnpkg.com/boom/-/boom-4.3.1.tgz#4f8a3005cb4a7e3889f749030fd25b96e01d2e31"
    dependencies:
      hoek "4.x.x"
  
  boom@5.x.x:
    version "5.2.0"
    resolved "https://registry.yarnpkg.com/boom/-/boom-5.2.0.tgz#5dd9da6ee3a5f302077436290cb717d3f4a54e02"
    dependencies:
      hoek "4.x.x"
  
  brace-expansion@^1.1.7:
    version "1.1.11"
    resolved "https://registry.yarnpkg.com/brace-expansion/-/brace-expansion-1.1.11.tgz#3c7fcbf529d87226f3d2f52b966ff5271eb441dd"
    dependencies:
      balanced-match "^1.0.0"
      concat-map "0.0.1"
  
  browserslist@^2.1.2:
    version "2.11.3"
    resolved "https://registry.yarnpkg.com/browserslist/-/browserslist-2.11.3.tgz#fe36167aed1bbcde4827ebfe71347a2cc70b99b2"
    dependencies:
      caniuse-lite "^1.0.30000792"
      electron-to-chromium "^1.3.30"
  
  buffer-from@^1.0.0:
    version "1.0.0"
    resolved "https://registry.yarnpkg.com/buffer-from/-/buffer-from-1.0.0.tgz#4cb8832d23612589b0406e9e2956c17f06fdf531"
  
  builtin-modules@^1.0.0:
    version "1.1.1"
    resolved "https://registry.yarnpkg.com/builtin-modules/-/builtin-modules-1.1.1.tgz#270f076c5a72c02f5b65a47df94c5fe3a278892f"
  
  busboy@^0.2.11:
    version "0.2.14"
    resolved "https://registry.yarnpkg.com/busboy/-/busboy-0.2.14.tgz#6c2a622efcf47c57bbbe1e2a9c37ad36c7925453"
    dependencies:
      dicer "0.2.5"
      readable-stream "1.1.x"
  
  bytes@3.0.0:
    version "3.0.0"
    resolved "https://registry.yarnpkg.com/bytes/-/bytes-3.0.0.tgz#d32815404d689699f85a4ea4fa8755dd13a96048"
  
  camelcase@^4.1.0:
    version "4.1.0"
    resolved "https://registry.yarnpkg.com/camelcase/-/camelcase-4.1.0.tgz#d545635be1e33c542649c69173e5de6acfae34dd"
  
  caniuse-lite@^1.0.30000792:
    version "1.0.30000814"
    resolved "https://registry.yarnpkg.com/caniuse-lite/-/caniuse-lite-1.0.30000814.tgz#73eb6925ac2e54d495218f1ea0007da3940e488b"
  
  caseless@~0.12.0:
    version "0.12.0"
    resolved "https://registry.yarnpkg.com/caseless/-/caseless-0.12.0.tgz#1b681c21ff84033c826543090689420d187151dc"
  
  chalk@^1.1.3:
    version "1.1.3"
    resolved "https://registry.yarnpkg.com/chalk/-/chalk-1.1.3.tgz#a8115c55e4a702fe4d150abd3872822a7e09fc98"
    dependencies:
      ansi-styles "^2.2.1"
      escape-string-regexp "^1.0.2"
      has-ansi "^2.0.0"
      strip-ansi "^3.0.0"
      supports-color "^2.0.0"
  
  cliui@^3.2.0:
    version "3.2.0"
    resolved "https://registry.yarnpkg.com/cliui/-/cliui-3.2.0.tgz#120601537a916d29940f934da3b48d585a39213d"
    dependencies:
      string-width "^1.0.1"
      strip-ansi "^3.0.1"
      wrap-ansi "^2.0.0"
  
  co@^4.6.0:
    version "4.6.0"
    resolved "https://registry.yarnpkg.com/co/-/co-4.6.0.tgz#6ea6bdf3d853ae54ccb8e47bfa0bf3f9031fb184"
  
  code-point-at@^1.0.0:
    version "1.1.0"
    resolved "https://registry.yarnpkg.com/code-point-at/-/code-point-at-1.1.0.tgz#0d070b4d043a5bea33a2f1a40e2edb3d9a4ccf77"
  
  colors@^1.1.2:
    version "1.2.1"
    resolved "https://registry.yarnpkg.com/colors/-/colors-1.2.1.tgz#f4a3d302976aaf042356ba1ade3b1a2c62d9d794"
  
  combined-stream@1.0.6, combined-stream@~1.0.5:
    version "1.0.6"
    resolved "https://registry.yarnpkg.com/combined-stream/-/combined-stream-1.0.6.tgz#723e7df6e801ac5613113a7e445a9b69cb632818"
    dependencies:
      delayed-stream "~1.0.0"
  
  concat-map@0.0.1:
    version "0.0.1"
    resolved "https://registry.yarnpkg.com/concat-map/-/concat-map-0.0.1.tgz#d8a96bd77fd68df7793a73036a3ba0d5405d477b"
  
  concat-stream@^1.5.0:
    version "1.6.2"
    resolved "https://registry.yarnpkg.com/concat-stream/-/concat-stream-1.6.2.tgz#904bdf194cd3122fc675c77fc4ac3d4ff0fd1a34"
    dependencies:
      buffer-from "^1.0.0"
      inherits "^2.0.3"
      readable-stream "^2.2.2"
      typedarray "^0.0.6"
  
  console-control-strings@^1.0.0, console-control-strings@~1.1.0:
    version "1.1.0"
    resolved "https://registry.yarnpkg.com/console-control-strings/-/console-control-strings-1.1.0.tgz#3d7cf4464db6446ea644bf4b39507f9851008e8e"
  
  content-disposition@0.5.2:
    version "0.5.2"
    resolved "https://registry.yarnpkg.com/content-disposition/-/content-disposition-0.5.2.tgz#0cf68bb9ddf5f2be7961c3a85178cb85dba78cb4"
  
  content-type@~1.0.4:
    version "1.0.4"
    resolved "https://registry.yarnpkg.com/content-type/-/content-type-1.0.4.tgz#e138cc75e040c727b1966fe5e5f8c9aee256fe3b"
  
  convert-source-map@^1.5.0:
    version "1.5.1"
    resolved "https://registry.yarnpkg.com/convert-source-map/-/convert-source-map-1.5.1.tgz#b8278097b9bc229365de5c62cf5fcaed8b5599e5"
  
  cookie-signature@1.0.6:
    version "1.0.6"
    resolved "https://registry.yarnpkg.com/cookie-signature/-/cookie-signature-1.0.6.tgz#e303a882b342cc3ee8ca513a79999734dab3ae2c"
  
  cookie@0.3.1:
    version "0.3.1"
    resolved "https://registry.yarnpkg.com/cookie/-/cookie-0.3.1.tgz#e7e0a1f9ef43b4c8ba925c5c5a96e806d16873bb"
  
  core-js@^2.4.0, core-js@^2.5.0:
    version "2.5.3"
    resolved "https://registry.yarnpkg.com/core-js/-/core-js-2.5.3.tgz#8acc38345824f16d8365b7c9b4259168e8ed603e"
  
  core-util-is@1.0.2, core-util-is@~1.0.0:
    version "1.0.2"
    resolved "https://registry.yarnpkg.com/core-util-is/-/core-util-is-1.0.2.tgz#b5fd54220aa2bc5ab57aab7140c940754503c1a7"
  
  cross-spawn@^5.0.1:
    version "5.1.0"
    resolved "https://registry.yarnpkg.com/cross-spawn/-/cross-spawn-5.1.0.tgz#e8bd0efee58fcff6f8f94510a0a554bbfa235449"
    dependencies:
      lru-cache "^4.0.1"
      shebang-command "^1.2.0"
      which "^1.2.9"
  
  cryptiles@3.x.x:
    version "3.1.2"
    resolved "https://registry.yarnpkg.com/cryptiles/-/cryptiles-3.1.2.tgz#a89fbb220f5ce25ec56e8c4aa8a4fd7b5b0d29fe"
    dependencies:
      boom "5.x.x"
  
  dashdash@^1.12.0:
    version "1.14.1"
    resolved "https://registry.yarnpkg.com/dashdash/-/dashdash-1.14.1.tgz#853cfa0f7cbe2fed5de20326b8dd581035f6e2f0"
    dependencies:
      assert-plus "^1.0.0"
  
  debug@2.6.9, debug@^2.6.8:
    version "2.6.9"
    resolved "https://registry.yarnpkg.com/debug/-/debug-2.6.9.tgz#5d128515df134ff327e90a4c93f4e077a536341f"
    dependencies:
      ms "2.0.0"
  
  decamelize@^1.1.1:
    version "1.2.0"
    resolved "https://registry.yarnpkg.com/decamelize/-/decamelize-1.2.0.tgz#f6534d15148269b20352e7bee26f501f9a191290"
  
  delayed-stream@~1.0.0:
    version "1.0.0"
    resolved "https://registry.yarnpkg.com/delayed-stream/-/delayed-stream-1.0.0.tgz#df3ae199acadfb7d440aaae0b29e2272b24ec619"
  
  delegates@^1.0.0:
    version "1.0.0"
    resolved "https://registry.yarnpkg.com/delegates/-/delegates-1.0.0.tgz#84c6e159b81904fdca59a0ef44cd870d31250f9a"
  
  depd@1.1.1:
    version "1.1.1"
    resolved "https://registry.yarnpkg.com/depd/-/depd-1.1.1.tgz#5783b4e1c459f06fa5ca27f991f3d06e7a310359"
  
  depd@~1.1.1, depd@~1.1.2:
    version "1.1.2"
    resolved "https://registry.yarnpkg.com/depd/-/depd-1.1.2.tgz#9bcd52e14c097763e749b274c4346ed2e560b5a9"
  
  destroy@~1.0.4:
    version "1.0.4"
    resolved "https://registry.yarnpkg.com/destroy/-/destroy-1.0.4.tgz#978857442c44749e4206613e37946205826abd80"
  
  detect-indent@^4.0.0:
    version "4.0.0"
    resolved "https://registry.yarnpkg.com/detect-indent/-/detect-indent-4.0.0.tgz#f76d064352cdf43a1cb6ce619c4ee3a9475de208"
    dependencies:
      repeating "^2.0.0"
  
  dicer@0.2.5:
    version "0.2.5"
    resolved "https://registry.yarnpkg.com/dicer/-/dicer-0.2.5.tgz#5996c086bb33218c812c090bddc09cd12facb70f"
    dependencies:
      readable-stream "1.1.x"
      streamsearch "0.1.2"
  
  ecc-jsbn@~0.1.1:
    version "0.1.1"
    resolved "https://registry.yarnpkg.com/ecc-jsbn/-/ecc-jsbn-0.1.1.tgz#0fc73a9ed5f0d53c38193398523ef7e543777505"
    dependencies:
      jsbn "~0.1.0"
  
  ee-first@1.1.1:
    version "1.1.1"
    resolved "https://registry.yarnpkg.com/ee-first/-/ee-first-1.1.1.tgz#590c61156b0ae2f4f0255732a158b266bc56b21d"
  
  electron-to-chromium@^1.3.30:
    version "1.3.37"
    resolved "https://registry.yarnpkg.com/electron-to-chromium/-/electron-to-chromium-1.3.37.tgz#4a92734e0044c8cf0b1553be57eae21a4c6e5fab"
  
  encodeurl@~1.0.2:
    version "1.0.2"
    resolved "https://registry.yarnpkg.com/encodeurl/-/encodeurl-1.0.2.tgz#ad3ff4c86ec2d029322f5a02c3a9a606c95b3f59"
  
  error-ex@^1.2.0:
    version "1.3.1"
    resolved "https://registry.yarnpkg.com/error-ex/-/error-ex-1.3.1.tgz#f855a86ce61adc4e8621c3cda21e7a7612c3a8dc"
    dependencies:
      is-arrayish "^0.2.1"
  
  escape-html@~1.0.3:
    version "1.0.3"
    resolved "https://registry.yarnpkg.com/escape-html/-/escape-html-1.0.3.tgz#0258eae4d3d0c0974de1c169188ef0051d1d1988"
  
  escape-string-regexp@^1.0.2:
    version "1.0.5"
    resolved "https://registry.yarnpkg.com/escape-string-regexp/-/escape-string-regexp-1.0.5.tgz#1b61c0562190a8dff6ae3bb2cf0200ca130b86d4"
  
  esutils@^2.0.2:
    version "2.0.2"
    resolved "https://registry.yarnpkg.com/esutils/-/esutils-2.0.2.tgz#0abf4f1caa5bcb1f7a9d8acc6dea4faaa04bac9b"
  
  etag@~1.8.1:
    version "1.8.1"
    resolved "https://registry.yarnpkg.com/etag/-/etag-1.8.1.tgz#41ae2eeb65efa62268aebfea83ac7d79299b0887"
  
  execa@^0.7.0:
    version "0.7.0"
    resolved "https://registry.yarnpkg.com/execa/-/execa-0.7.0.tgz#944becd34cc41ee32a63a9faf27ad5a65fc59777"
    dependencies:
      cross-spawn "^5.0.1"
      get-stream "^3.0.0"
      is-stream "^1.1.0"
      npm-run-path "^2.0.0"
      p-finally "^1.0.0"
      signal-exit "^3.0.0"
      strip-eof "^1.0.0"
  
  express@^4.16.3:
    version "4.16.3"
    resolved "https://registry.yarnpkg.com/express/-/express-4.16.3.tgz#6af8a502350db3246ecc4becf6b5a34d22f7ed53"
    dependencies:
      accepts "~1.3.5"
      array-flatten "1.1.1"
      body-parser "1.18.2"
      content-disposition "0.5.2"
      content-type "~1.0.4"
      cookie "0.3.1"
      cookie-signature "1.0.6"
      debug "2.6.9"
      depd "~1.1.2"
      encodeurl "~1.0.2"
      escape-html "~1.0.3"
      etag "~1.8.1"
      finalhandler "1.1.1"
      fresh "0.5.2"
      merge-descriptors "1.0.1"
      methods "~1.1.2"
      on-finished "~2.3.0"
      parseurl "~1.3.2"
      path-to-regexp "0.1.7"
      proxy-addr "~2.0.3"
      qs "6.5.1"
      range-parser "~1.2.0"
      safe-buffer "5.1.1"
      send "0.16.2"
      serve-static "1.13.2"
      setprototypeof "1.1.0"
      statuses "~1.4.0"
      type-is "~1.6.16"
      utils-merge "1.0.1"
      vary "~1.1.2"
  
  extend@~3.0.1:
    version "3.0.1"
    resolved "https://registry.yarnpkg.com/extend/-/extend-3.0.1.tgz#a755ea7bc1adfcc5a31ce7e762dbaadc5e636444"
  
  extsprintf@1.3.0:
    version "1.3.0"
    resolved "https://registry.yarnpkg.com/extsprintf/-/extsprintf-1.3.0.tgz#96918440e3041a7a414f8c52e3c574eb3c3e1e05"
  
  extsprintf@^1.2.0:
    version "1.4.0"
    resolved "https://registry.yarnpkg.com/extsprintf/-/extsprintf-1.4.0.tgz#e2689f8f356fad62cca65a3a91c5df5f9551692f"
  
  fast-deep-equal@^1.0.0:
    version "1.1.0"
    resolved "https://registry.yarnpkg.com/fast-deep-equal/-/fast-deep-equal-1.1.0.tgz#c053477817c86b51daa853c81e059b733d023614"
  
  fast-json-stable-stringify@^2.0.0:
    version "2.0.0"
    resolved "https://registry.yarnpkg.com/fast-json-stable-stringify/-/fast-json-stable-stringify-2.0.0.tgz#d5142c0caee6b1189f87d3a76111064f86c8bbf2"
  
  finalhandler@1.1.1:
    version "1.1.1"
    resolved "https://registry.yarnpkg.com/finalhandler/-/finalhandler-1.1.1.tgz#eebf4ed840079c83f4249038c9d703008301b105"
    dependencies:
      debug "2.6.9"
      encodeurl "~1.0.2"
      escape-html "~1.0.3"
      on-finished "~2.3.0"
      parseurl "~1.3.2"
      statuses "~1.4.0"
      unpipe "~1.0.0"
  
  find-up@^2.0.0:
    version "2.1.0"
    resolved "https://registry.yarnpkg.com/find-up/-/find-up-2.1.0.tgz#45d1b7e506c717ddd482775a2b77920a3c0c57a7"
    dependencies:
      locate-path "^2.0.0"
  
  forever-agent@~0.6.1:
    version "0.6.1"
    resolved "https://registry.yarnpkg.com/forever-agent/-/forever-agent-0.6.1.tgz#fbc71f0c41adeb37f96c577ad1ed42d8fdacca91"
  
  form-data@~2.3.1:
    version "2.3.2"
    resolved "https://registry.yarnpkg.com/form-data/-/form-data-2.3.2.tgz#4970498be604c20c005d4f5c23aecd21d6b49099"
    dependencies:
      asynckit "^0.4.0"
      combined-stream "1.0.6"
      mime-types "^2.1.12"
  
  forwarded@~0.1.2:
    version "0.1.2"
    resolved "https://registry.yarnpkg.com/forwarded/-/forwarded-0.1.2.tgz#98c23dab1175657b8c0573e8ceccd91b0ff18c84"
  
  fresh@0.5.2:
    version "0.5.2"
    resolved "https://registry.yarnpkg.com/fresh/-/fresh-0.5.2.tgz#3d8cadd90d976569fa835ab1f8e4b23a105605a7"
  
  fs.realpath@^1.0.0:
    version "1.0.0"
    resolved "https://registry.yarnpkg.com/fs.realpath/-/fs.realpath-1.0.0.tgz#1504ad2523158caa40db4a2787cb01411994ea4f"
  
  fstream@^1.0.0, fstream@^1.0.2:
    version "1.0.11"
    resolved "https://registry.yarnpkg.com/fstream/-/fstream-1.0.11.tgz#5c1fb1f117477114f0632a0eb4b71b3cb0fd3171"
    dependencies:
      graceful-fs "^4.1.2"
      inherits "~2.0.0"
      mkdirp ">=0.5 0"
      rimraf "2"
  
  gauge@~2.7.3:
    version "2.7.4"
    resolved "https://registry.yarnpkg.com/gauge/-/gauge-2.7.4.tgz#2c03405c7538c39d7eb37b317022e325fb018bf7"
    dependencies:
      aproba "^1.0.3"
      console-control-strings "^1.0.0"
      has-unicode "^2.0.0"
      object-assign "^4.1.0"
      signal-exit "^3.0.0"
      string-width "^1.0.1"
      strip-ansi "^3.0.1"
      wide-align "^1.1.0"
  
  get-caller-file@^1.0.1:
    version "1.0.2"
    resolved "https://registry.yarnpkg.com/get-caller-file/-/get-caller-file-1.0.2.tgz#f702e63127e7e231c160a80c1554acb70d5047e5"
  
  get-stream@^3.0.0:
    version "3.0.0"
    resolved "https://registry.yarnpkg.com/get-stream/-/get-stream-3.0.0.tgz#8e943d1358dc37555054ecbe2edb05aa174ede14"
  
  getpass@^0.1.1:
    version "0.1.7"
    resolved "https://registry.yarnpkg.com/getpass/-/getpass-0.1.7.tgz#5eff8e3e684d569ae4cb2b1282604e8ba62149fa"
    dependencies:
      assert-plus "^1.0.0"
  
  glob@^7.0.3, glob@^7.0.5, glob@^7.1.2:
    version "7.1.2"
    resolved "https://registry.yarnpkg.com/glob/-/glob-7.1.2.tgz#c19c9df9a028702d678612384a6552404c636d15"
    dependencies:
      fs.realpath "^1.0.0"
      inflight "^1.0.4"
      inherits "2"
      minimatch "^3.0.4"
      once "^1.3.0"
      path-is-absolute "^1.0.0"
  
  globals@^9.18.0:
    version "9.18.0"
    resolved "https://registry.yarnpkg.com/globals/-/globals-9.18.0.tgz#aa3896b3e69b487f17e31ed2143d69a8e30c2d8a"
  
  graceful-fs@^4.1.2:
    version "4.1.11"
    resolved "https://registry.yarnpkg.com/graceful-fs/-/graceful-fs-4.1.11.tgz#0e8bdfe4d1ddb8854d64e04ea7c00e2a026e5658"
  
  har-schema@^2.0.0:
    version "2.0.0"
    resolved "https://registry.yarnpkg.com/har-schema/-/har-schema-2.0.0.tgz#a94c2224ebcac04782a0d9035521f24735b7ec92"
  
  har-validator@~5.0.3:
    version "5.0.3"
    resolved "https://registry.yarnpkg.com/har-validator/-/har-validator-5.0.3.tgz#ba402c266194f15956ef15e0fcf242993f6a7dfd"
    dependencies:
      ajv "^5.1.0"
      har-schema "^2.0.0"
  
  has-ansi@^2.0.0:
    version "2.0.0"
    resolved "https://registry.yarnpkg.com/has-ansi/-/has-ansi-2.0.0.tgz#34f5049ce1ecdf2b0649af3ef24e45ed35416d91"
    dependencies:
      ansi-regex "^2.0.0"
  
  has-unicode@^2.0.0:
    version "2.0.1"
    resolved "https://registry.yarnpkg.com/has-unicode/-/has-unicode-2.0.1.tgz#e0e6fe6a28cf51138855e086d1691e771de2a8b9"
  
  hawk@~6.0.2:
    version "6.0.2"
    resolved "https://registry.yarnpkg.com/hawk/-/hawk-6.0.2.tgz#af4d914eb065f9b5ce4d9d11c1cb2126eecc3038"
    dependencies:
      boom "4.x.x"
      cryptiles "3.x.x"
      hoek "4.x.x"
      sntp "2.x.x"
  
  hoek@4.x.x:
    version "4.2.1"
    resolved "https://registry.yarnpkg.com/hoek/-/hoek-4.2.1.tgz#9634502aa12c445dd5a7c5734b572bb8738aacbb"
  
  home-or-tmp@^2.0.0:
    version "2.0.0"
    resolved "https://registry.yarnpkg.com/home-or-tmp/-/home-or-tmp-2.0.0.tgz#e36c3f2d2cae7d746a857e38d18d5f32a7882db8"
    dependencies:
      os-homedir "^1.0.0"
      os-tmpdir "^1.0.1"
  
  hosted-git-info@^2.1.4:
    version "2.6.0"
    resolved "https://registry.yarnpkg.com/hosted-git-info/-/hosted-git-info-2.6.0.tgz#23235b29ab230c576aab0d4f13fc046b0b038222"
  
  http-errors@1.6.2, http-errors@~1.6.2:
    version "1.6.2"
    resolved "https://registry.yarnpkg.com/http-errors/-/http-errors-1.6.2.tgz#0a002cc85707192a7e7946ceedc11155f60ec736"
    dependencies:
      depd "1.1.1"
      inherits "2.0.3"
      setprototypeof "1.0.3"
      statuses ">= 1.3.1 < 2"
  
  http-signature@~1.2.0:
    version "1.2.0"
    resolved "https://registry.yarnpkg.com/http-signature/-/http-signature-1.2.0.tgz#9aecd925114772f3d95b65a60abb8f7c18fbace1"
    dependencies:
      assert-plus "^1.0.0"
      jsprim "^1.2.2"
      sshpk "^1.7.0"
  
  iconv-lite@0.4.19:
    version "0.4.19"
    resolved "https://registry.yarnpkg.com/iconv-lite/-/iconv-lite-0.4.19.tgz#f7468f60135f5e5dad3399c0a81be9a1603a082b"
  
  inflight@^1.0.4:
    version "1.0.6"
    resolved "https://registry.yarnpkg.com/inflight/-/inflight-1.0.6.tgz#49bd6331d7d02d0c09bc910a1075ba8165b56df9"
    dependencies:
      once "^1.3.0"
      wrappy "1"
  
  inherits@2, inherits@2.0.3, inherits@^2.0.3, inherits@~2.0.0, inherits@~2.0.1, inherits@~2.0.3:
    version "2.0.3"
    resolved "https://registry.yarnpkg.com/inherits/-/inherits-2.0.3.tgz#633c2c83e3da42a502f52466022480f4208261de"
  
  invariant@^2.2.2:
    version "2.2.4"
    resolved "https://registry.yarnpkg.com/invariant/-/invariant-2.2.4.tgz#610f3c92c9359ce1db616e538008d23ff35158e6"
    dependencies:
      loose-envify "^1.0.0"
  
  invert-kv@^1.0.0:
    version "1.0.0"
    resolved "https://registry.yarnpkg.com/invert-kv/-/invert-kv-1.0.0.tgz#104a8e4aaca6d3d8cd157a8ef8bfab2d7a3ffdb6"
  
  ipaddr.js@1.6.0:
    version "1.6.0"
    resolved "https://registry.yarnpkg.com/ipaddr.js/-/ipaddr.js-1.6.0.tgz#e3fa357b773da619f26e95f049d055c72796f86b"
  
  is-arrayish@^0.2.1:
    version "0.2.1"
    resolved "https://registry.yarnpkg.com/is-arrayish/-/is-arrayish-0.2.1.tgz#77c99840527aa8ecb1a8ba697b80645a7a926a9d"
  
  is-builtin-module@^1.0.0:
    version "1.0.0"
    resolved "https://registry.yarnpkg.com/is-builtin-module/-/is-builtin-module-1.0.0.tgz#540572d34f7ac3119f8f76c30cbc1b1e037affbe"
    dependencies:
      builtin-modules "^1.0.0"
  
  is-finite@^1.0.0:
    version "1.0.2"
    resolved "https://registry.yarnpkg.com/is-finite/-/is-finite-1.0.2.tgz#cc6677695602be550ef11e8b4aa6305342b6d0aa"
    dependencies:
      number-is-nan "^1.0.0"
  
  is-fullwidth-code-point@^1.0.0:
    version "1.0.0"
    resolved "https://registry.yarnpkg.com/is-fullwidth-code-point/-/is-fullwidth-code-point-1.0.0.tgz#ef9e31386f031a7f0d643af82fde50c457ef00cb"
    dependencies:
      number-is-nan "^1.0.0"
  
  is-fullwidth-code-point@^2.0.0:
    version "2.0.0"
    resolved "https://registry.yarnpkg.com/is-fullwidth-code-point/-/is-fullwidth-code-point-2.0.0.tgz#a3b30a5c4f199183167aaab93beefae3ddfb654f"
  
  is-stream@^1.1.0:
    version "1.1.0"
    resolved "https://registry.yarnpkg.com/is-stream/-/is-stream-1.1.0.tgz#12d4a3dd4e68e0b79ceb8dbc84173ae80d91ca44"
  
  is-typedarray@~1.0.0:
    version "1.0.0"
    resolved "https://registry.yarnpkg.com/is-typedarray/-/is-typedarray-1.0.0.tgz#e479c80858df0c1b11ddda6940f96011fcda4a9a"
  
  isarray@0.0.1:
    version "0.0.1"
    resolved "https://registry.yarnpkg.com/isarray/-/isarray-0.0.1.tgz#8a18acfca9a8f4177e09abfc6038939b05d1eedf"
  
  isarray@~1.0.0:
    version "1.0.0"
    resolved "https://registry.yarnpkg.com/isarray/-/isarray-1.0.0.tgz#bb935d48582cba168c06834957a54a3e07124f11"
  
  isexe@^2.0.0:
    version "2.0.0"
    resolved "https://registry.yarnpkg.com/isexe/-/isexe-2.0.0.tgz#e8fbf374dc556ff8947a10dcb0572d633f2cfa10"
  
  isstream@~0.1.2:
    version "0.1.2"
    resolved "https://registry.yarnpkg.com/isstream/-/isstream-0.1.2.tgz#47e63f7af55afa6f92e1500e690eb8b8529c099a"
  
  jpeg-autorotate@^3.1.0:
    version "3.1.0"
    resolved "https://registry.yarnpkg.com/jpeg-autorotate/-/jpeg-autorotate-3.1.0.tgz#52a98ba02b2d05e2a9f52c0c9a020137946cc2ec"
    dependencies:
      async "^2.5.0"
      colors "^1.1.2"
      glob "^7.1.2"
      jpeg-js "^0.3.3"
      piexifjs "^1.0.3"
      yargs "^9.0.1"
  
  jpeg-js@^0.3.3:
    version "0.3.4"
    resolved "https://registry.yarnpkg.com/jpeg-js/-/jpeg-js-0.3.4.tgz#dc2ba501ee3d58b7bb893c5d1fab47294917e7e7"
  
  js-tokens@^3.0.0, js-tokens@^3.0.2:
    version "3.0.2"
    resolved "https://registry.yarnpkg.com/js-tokens/-/js-tokens-3.0.2.tgz#9866df395102130e38f7f996bceb65443209c25b"
  
  jsbn@~0.1.0:
    version "0.1.1"
    resolved "https://registry.yarnpkg.com/jsbn/-/jsbn-0.1.1.tgz#a5e654c2e5a2deb5f201d96cefbca80c0ef2f513"
  
  jsesc@^1.3.0:
    version "1.3.0"
    resolved "https://registry.yarnpkg.com/jsesc/-/jsesc-1.3.0.tgz#46c3fec8c1892b12b0833db9bc7622176dbab34b"
  
  jsesc@~0.5.0:
    version "0.5.0"
    resolved "https://registry.yarnpkg.com/jsesc/-/jsesc-0.5.0.tgz#e7dee66e35d6fc16f710fe91d5cf69f70f08911d"
  
  json-schema-traverse@^0.3.0:
    version "0.3.1"
    resolved "https://registry.yarnpkg.com/json-schema-traverse/-/json-schema-traverse-0.3.1.tgz#349a6d44c53a51de89b40805c5d5e59b417d3340"
  
  json-schema@0.2.3:
    version "0.2.3"
    resolved "https://registry.yarnpkg.com/json-schema/-/json-schema-0.2.3.tgz#b480c892e59a2f05954ce727bd3f2a4e882f9e13"
  
  json-stringify-safe@~5.0.1:
    version "5.0.1"
    resolved "https://registry.yarnpkg.com/json-stringify-safe/-/json-stringify-safe-5.0.1.tgz#1296a2d58fd45f19a0f6ce01d65701e2c735b6eb"
  
  json5@^0.5.1:
    version "0.5.1"
    resolved "https://registry.yarnpkg.com/json5/-/json5-0.5.1.tgz#1eade7acc012034ad84e2396767ead9fa5495821"
  
  jsprim@^1.2.2:
    version "1.4.1"
    resolved "https://registry.yarnpkg.com/jsprim/-/jsprim-1.4.1.tgz#313e66bc1e5cc06e438bc1b7499c2e5c56acb6a2"
    dependencies:
      assert-plus "1.0.0"
      extsprintf "1.3.0"
      json-schema "0.2.3"
      verror "1.10.0"
  
  lcid@^1.0.0:
    version "1.0.0"
    resolved "https://registry.yarnpkg.com/lcid/-/lcid-1.0.0.tgz#308accafa0bc483a3867b4b6f2b9506251d1b835"
    dependencies:
      invert-kv "^1.0.0"
  
  load-json-file@^2.0.0:
    version "2.0.0"
    resolved "https://registry.yarnpkg.com/load-json-file/-/load-json-file-2.0.0.tgz#7947e42149af80d696cbf797bcaabcfe1fe29ca8"
    dependencies:
      graceful-fs "^4.1.2"
      parse-json "^2.2.0"
      pify "^2.0.0"
      strip-bom "^3.0.0"
  
  locate-path@^2.0.0:
    version "2.0.0"
    resolved "https://registry.yarnpkg.com/locate-path/-/locate-path-2.0.0.tgz#2b568b265eec944c6d9c0de9c3dbbbca0354cd8e"
    dependencies:
      p-locate "^2.0.0"
      path-exists "^3.0.0"
  
  lodash@^4.14.0, lodash@^4.17.4:
    version "4.17.5"
    resolved "https://registry.yarnpkg.com/lodash/-/lodash-4.17.5.tgz#99a92d65c0272debe8c96b6057bc8fbfa3bed511"
  
  loose-envify@^1.0.0:
    version "1.3.1"
    resolved "https://registry.yarnpkg.com/loose-envify/-/loose-envify-1.3.1.tgz#d1a8ad33fa9ce0e713d65fdd0ac8b748d478c848"
    dependencies:
      js-tokens "^3.0.0"
  
  lru-cache@^4.0.1:
    version "4.1.2"
    resolved "https://registry.yarnpkg.com/lru-cache/-/lru-cache-4.1.2.tgz#45234b2e6e2f2b33da125624c4664929a0224c3f"
    dependencies:
      pseudomap "^1.0.2"
      yallist "^2.1.2"
  
  media-typer@0.3.0:
    version "0.3.0"
    resolved "https://registry.yarnpkg.com/media-typer/-/media-typer-0.3.0.tgz#8710d7af0aa626f8fffa1ce00168545263255748"
  
  mem@^1.1.0:
    version "1.1.0"
    resolved "https://registry.yarnpkg.com/mem/-/mem-1.1.0.tgz#5edd52b485ca1d900fe64895505399a0dfa45f76"
    dependencies:
      mimic-fn "^1.0.0"
  
  merge-descriptors@1.0.1:
    version "1.0.1"
    resolved "https://registry.yarnpkg.com/merge-descriptors/-/merge-descriptors-1.0.1.tgz#b00aaa556dd8b44568150ec9d1b953f3f90cbb61"
  
  methods@~1.1.2:
    version "1.1.2"
    resolved "https://registry.yarnpkg.com/methods/-/methods-1.1.2.tgz#5529a4d67654134edcc5266656835b0f851afcee"
  
  mime-db@~1.33.0:
    version "1.33.0"
    resolved "https://registry.yarnpkg.com/mime-db/-/mime-db-1.33.0.tgz#a3492050a5cb9b63450541e39d9788d2272783db"
  
  mime-types@^2.1.12, mime-types@~2.1.17, mime-types@~2.1.18:
    version "2.1.18"
    resolved "https://registry.yarnpkg.com/mime-types/-/mime-types-2.1.18.tgz#6f323f60a83d11146f831ff11fd66e2fe5503bb8"
    dependencies:
      mime-db "~1.33.0"
  
  mime@1.4.1:
    version "1.4.1"
    resolved "https://registry.yarnpkg.com/mime/-/mime-1.4.1.tgz#121f9ebc49e3766f311a76e1fa1c8003c4b03aa6"
  
  mimic-fn@^1.0.0:
    version "1.2.0"
    resolved "https://registry.yarnpkg.com/mimic-fn/-/mimic-fn-1.2.0.tgz#820c86a39334640e99516928bd03fca88057d022"
  
  minimatch@^3.0.2, minimatch@^3.0.4:
    version "3.0.4"
    resolved "https://registry.yarnpkg.com/minimatch/-/minimatch-3.0.4.tgz#5166e286457f03306064be5497e8dbb0c3d32083"
    dependencies:
      brace-expansion "^1.1.7"
  
  minimist@0.0.8:
    version "0.0.8"
    resolved "https://registry.yarnpkg.com/minimist/-/minimist-0.0.8.tgz#857fcabfc3397d2625b8228262e86aa7a011b05d"
  
  "mkdirp@>=0.5 0", mkdirp@^0.5.0, mkdirp@^0.5.1:
    version "0.5.1"
    resolved "https://registry.yarnpkg.com/mkdirp/-/mkdirp-0.5.1.tgz#30057438eac6cf7f8c4767f38648d6697d75c903"
    dependencies:
      minimist "0.0.8"
  
  ms@2.0.0:
    version "2.0.0"
    resolved "https://registry.yarnpkg.com/ms/-/ms-2.0.0.tgz#5608aeadfc00be6c2901df5f9861788de0d597c8"
  
  multer@^1.3.0:
    version "1.3.0"
    resolved "https://registry.yarnpkg.com/multer/-/multer-1.3.0.tgz#092b2670f6846fa4914965efc8cf94c20fec6cd2"
    dependencies:
      append-field "^0.1.0"
      busboy "^0.2.11"
      concat-stream "^1.5.0"
      mkdirp "^0.5.1"
      object-assign "^3.0.0"
      on-finished "^2.3.0"
      type-is "^1.6.4"
      xtend "^4.0.0"
  
  negotiator@0.6.1:
    version "0.6.1"
    resolved "https://registry.yarnpkg.com/negotiator/-/negotiator-0.6.1.tgz#2b327184e8992101177b28563fb5e7102acd0ca9"
  
  node-gyp@^3.6.2:
    version "3.6.2"
    resolved "https://registry.yarnpkg.com/node-gyp/-/node-gyp-3.6.2.tgz#9bfbe54562286284838e750eac05295853fa1c60"
    dependencies:
      fstream "^1.0.0"
      glob "^7.0.3"
      graceful-fs "^4.1.2"
      minimatch "^3.0.2"
      mkdirp "^0.5.0"
      nopt "2 || 3"
      npmlog "0 || 1 || 2 || 3 || 4"
      osenv "0"
      request "2"
      rimraf "2"
      semver "~5.3.0"
      tar "^2.0.0"
      which "1"
  
  "nopt@2 || 3":
    version "3.0.6"
    resolved "https://registry.yarnpkg.com/nopt/-/nopt-3.0.6.tgz#c6465dbf08abcd4db359317f79ac68a646b28ff9"
    dependencies:
      abbrev "1"
  
  normalize-package-data@^2.3.2:
    version "2.4.0"
    resolved "https://registry.yarnpkg.com/normalize-package-data/-/normalize-package-data-2.4.0.tgz#12f95a307d58352075a04907b84ac8be98ac012f"
    dependencies:
      hosted-git-info "^2.1.4"
      is-builtin-module "^1.0.0"
      semver "2 || 3 || 4 || 5"
      validate-npm-package-license "^3.0.1"
  
  npm-run-path@^2.0.0:
    version "2.0.2"
    resolved "https://registry.yarnpkg.com/npm-run-path/-/npm-run-path-2.0.2.tgz#35a9232dfa35d7067b4cb2ddf2357b1871536c5f"
    dependencies:
      path-key "^2.0.0"
  
  "npmlog@0 || 1 || 2 || 3 || 4":
    version "4.1.2"
    resolved "https://registry.yarnpkg.com/npmlog/-/npmlog-4.1.2.tgz#08a7f2a8bf734604779a9efa4ad5cc717abb954b"
    dependencies:
      are-we-there-yet "~1.1.2"
      console-control-strings "~1.1.0"
      gauge "~2.7.3"
      set-blocking "~2.0.0"
  
  number-is-nan@^1.0.0:
    version "1.0.1"
    resolved "https://registry.yarnpkg.com/number-is-nan/-/number-is-nan-1.0.1.tgz#097b602b53422a522c1afb8790318336941a011d"
  
  oauth-sign@~0.8.2:
    version "0.8.2"
    resolved "https://registry.yarnpkg.com/oauth-sign/-/oauth-sign-0.8.2.tgz#46a6ab7f0aead8deae9ec0565780b7d4efeb9d43"
  
  object-assign@^3.0.0:
    version "3.0.0"
    resolved "https://registry.yarnpkg.com/object-assign/-/object-assign-3.0.0.tgz#9bedd5ca0897949bca47e7ff408062d549f587f2"
  
  object-assign@^4.1.0:
    version "4.1.1"
    resolved "https://registry.yarnpkg.com/object-assign/-/object-assign-4.1.1.tgz#2109adc7965887cfc05cbbd442cac8bfbb360863"
  
  on-finished@^2.3.0, on-finished@~2.3.0:
    version "2.3.0"
    resolved "https://registry.yarnpkg.com/on-finished/-/on-finished-2.3.0.tgz#20f1336481b083cd75337992a16971aa2d906947"
    dependencies:
      ee-first "1.1.1"
  
  once@^1.3.0:
    version "1.4.0"
    resolved "https://registry.yarnpkg.com/once/-/once-1.4.0.tgz#583b1aa775961d4b113ac17d9c50baef9dd76bd1"
    dependencies:
      wrappy "1"
  
  os-homedir@^1.0.0:
    version "1.0.2"
    resolved "https://registry.yarnpkg.com/os-homedir/-/os-homedir-1.0.2.tgz#ffbc4988336e0e833de0c168c7ef152121aa7fb3"
  
  os-locale@^2.0.0:
    version "2.1.0"
    resolved "https://registry.yarnpkg.com/os-locale/-/os-locale-2.1.0.tgz#42bc2900a6b5b8bd17376c8e882b65afccf24bf2"
    dependencies:
      execa "^0.7.0"
      lcid "^1.0.0"
      mem "^1.1.0"
  
  os-tmpdir@^1.0.0, os-tmpdir@^1.0.1:
    version "1.0.2"
    resolved "https://registry.yarnpkg.com/os-tmpdir/-/os-tmpdir-1.0.2.tgz#bbe67406c79aa85c5cfec766fe5734555dfa1274"
  
  osenv@0:
    version "0.1.5"
    resolved "https://registry.yarnpkg.com/osenv/-/osenv-0.1.5.tgz#85cdfafaeb28e8677f416e287592b5f3f49ea410"
    dependencies:
      os-homedir "^1.0.0"
      os-tmpdir "^1.0.0"
  
  p-finally@^1.0.0:
    version "1.0.0"
    resolved "https://registry.yarnpkg.com/p-finally/-/p-finally-1.0.0.tgz#3fbcfb15b899a44123b34b6dcc18b724336a2cae"
  
  p-limit@^1.1.0:
    version "1.2.0"
    resolved "https://registry.yarnpkg.com/p-limit/-/p-limit-1.2.0.tgz#0e92b6bedcb59f022c13d0f1949dc82d15909f1c"
    dependencies:
      p-try "^1.0.0"
  
  p-locate@^2.0.0:
    version "2.0.0"
    resolved "https://registry.yarnpkg.com/p-locate/-/p-locate-2.0.0.tgz#20a0103b222a70c8fd39cc2e580680f3dde5ec43"
    dependencies:
      p-limit "^1.1.0"
  
  p-try@^1.0.0:
    version "1.0.0"
    resolved "https://registry.yarnpkg.com/p-try/-/p-try-1.0.0.tgz#cbc79cdbaf8fd4228e13f621f2b1a237c1b207b3"
  
  parse-json@^2.2.0:
    version "2.2.0"
    resolved "https://registry.yarnpkg.com/parse-json/-/parse-json-2.2.0.tgz#f480f40434ef80741f8469099f8dea18f55a4dc9"
    dependencies:
      error-ex "^1.2.0"
  
  parseurl@~1.3.2:
    version "1.3.2"
    resolved "https://registry.yarnpkg.com/parseurl/-/parseurl-1.3.2.tgz#fc289d4ed8993119460c156253262cdc8de65bf3"
  
  path-exists@^3.0.0:
    version "3.0.0"
    resolved "https://registry.yarnpkg.com/path-exists/-/path-exists-3.0.0.tgz#ce0ebeaa5f78cb18925ea7d810d7b59b010fd515"
  
  path-is-absolute@^1.0.0, path-is-absolute@^1.0.1:
    version "1.0.1"
    resolved "https://registry.yarnpkg.com/path-is-absolute/-/path-is-absolute-1.0.1.tgz#174b9268735534ffbc7ace6bf53a5a9e1b5c5f5f"
  
  path-key@^2.0.0:
    version "2.0.1"
    resolved "https://registry.yarnpkg.com/path-key/-/path-key-2.0.1.tgz#411cadb574c5a140d3a4b1910d40d80cc9f40b40"
  
  path-to-regexp@0.1.7:
    version "0.1.7"
    resolved "https://registry.yarnpkg.com/path-to-regexp/-/path-to-regexp-0.1.7.tgz#df604178005f522f15eb4490e7247a1bfaa67f8c"
  
  path-type@^2.0.0:
    version "2.0.0"
    resolved "https://registry.yarnpkg.com/path-type/-/path-type-2.0.0.tgz#f012ccb8415b7096fc2daa1054c3d72389594c73"
    dependencies:
      pify "^2.0.0"
  
  performance-now@^2.1.0:
    version "2.1.0"
    resolved "https://registry.yarnpkg.com/performance-now/-/performance-now-2.1.0.tgz#6309f4e0e5fa913ec1c69307ae364b4b377c9e7b"
  
  piexifjs@^1.0.3:
    version "1.0.4"
    resolved "https://registry.yarnpkg.com/piexifjs/-/piexifjs-1.0.4.tgz#6f61e85511fd57eb75591cfb7290688e0abab3fd"
  
  pify@^2.0.0:
    version "2.3.0"
    resolved "https://registry.yarnpkg.com/pify/-/pify-2.3.0.tgz#ed141a6ac043a849ea588498e7dca8b15330e90c"
  
  private@^0.1.6, private@^0.1.7:
    version "0.1.8"
    resolved "https://registry.yarnpkg.com/private/-/private-0.1.8.tgz#2381edb3689f7a53d653190060fcf822d2f368ff"
  
  process-nextick-args@~2.0.0:
    version "2.0.0"
    resolved "https://registry.yarnpkg.com/process-nextick-args/-/process-nextick-args-2.0.0.tgz#a37d732f4271b4ab1ad070d35508e8290788ffaa"
  
  proxy-addr@~2.0.3:
    version "2.0.3"
    resolved "https://registry.yarnpkg.com/proxy-addr/-/proxy-addr-2.0.3.tgz#355f262505a621646b3130a728eb647e22055341"
    dependencies:
      forwarded "~0.1.2"
      ipaddr.js "1.6.0"
  
  pseudomap@^1.0.2:
    version "1.0.2"
    resolved "https://registry.yarnpkg.com/pseudomap/-/pseudomap-1.0.2.tgz#f052a28da70e618917ef0a8ac34c1ae5a68286b3"
  
  punycode@^1.4.1:
    version "1.4.1"
    resolved "https://registry.yarnpkg.com/punycode/-/punycode-1.4.1.tgz#c0d5a63b2718800ad8e1eb0fa5269c84dd41845e"
  
  qs@6.5.1, qs@~6.5.1:
    version "6.5.1"
    resolved "https://registry.yarnpkg.com/qs/-/qs-6.5.1.tgz#349cdf6eef89ec45c12d7d5eb3fc0c870343a6d8"
  
  range-parser@~1.2.0:
    version "1.2.0"
    resolved "https://registry.yarnpkg.com/range-parser/-/range-parser-1.2.0.tgz#f49be6b487894ddc40dcc94a322f611092e00d5e"
  
  raw-body@2.3.2:
    version "2.3.2"
    resolved "https://registry.yarnpkg.com/raw-body/-/raw-body-2.3.2.tgz#bcd60c77d3eb93cde0050295c3f379389bc88f89"
    dependencies:
      bytes "3.0.0"
      http-errors "1.6.2"
      iconv-lite "0.4.19"
      unpipe "1.0.0"
  
  read-pkg-up@^2.0.0:
    version "2.0.0"
    resolved "https://registry.yarnpkg.com/read-pkg-up/-/read-pkg-up-2.0.0.tgz#6b72a8048984e0c41e79510fd5e9fa99b3b549be"
    dependencies:
      find-up "^2.0.0"
      read-pkg "^2.0.0"
  
  read-pkg@^2.0.0:
    version "2.0.0"
    resolved "https://registry.yarnpkg.com/read-pkg/-/read-pkg-2.0.0.tgz#8ef1c0623c6a6db0dc6713c4bfac46332b2368f8"
    dependencies:
      load-json-file "^2.0.0"
      normalize-package-data "^2.3.2"
      path-type "^2.0.0"
  
  readable-stream@1.1.x:
    version "1.1.14"
    resolved "https://registry.yarnpkg.com/readable-stream/-/readable-stream-1.1.14.tgz#7cf4c54ef648e3813084c636dd2079e166c081d9"
    dependencies:
      core-util-is "~1.0.0"
      inherits "~2.0.1"
      isarray "0.0.1"
      string_decoder "~0.10.x"
  
  readable-stream@^2.0.6, readable-stream@^2.2.2:
    version "2.3.6"
    resolved "https://registry.yarnpkg.com/readable-stream/-/readable-stream-2.3.6.tgz#b11c27d88b8ff1fbe070643cf94b0c79ae1b0aaf"
    dependencies:
      core-util-is "~1.0.0"
      inherits "~2.0.3"
      isarray "~1.0.0"
      process-nextick-args "~2.0.0"
      safe-buffer "~5.1.1"
      string_decoder "~1.1.1"
      util-deprecate "~1.0.1"
  
  regenerate@^1.2.1:
    version "1.3.3"
    resolved "https://registry.yarnpkg.com/regenerate/-/regenerate-1.3.3.tgz#0c336d3980553d755c39b586ae3b20aa49c82b7f"
  
  regenerator-runtime@^0.10.5:
    version "0.10.5"
    resolved "https://registry.yarnpkg.com/regenerator-runtime/-/regenerator-runtime-0.10.5.tgz#336c3efc1220adcedda2c9fab67b5a7955a33658"
  
  regenerator-runtime@^0.11.0:
    version "0.11.1"
    resolved "https://registry.yarnpkg.com/regenerator-runtime/-/regenerator-runtime-0.11.1.tgz#be05ad7f9bf7d22e056f9726cee5017fbf19e2e9"
  
  regenerator-transform@^0.10.0:
    version "0.10.1"
    resolved "https://registry.yarnpkg.com/regenerator-transform/-/regenerator-transform-0.10.1.tgz#1e4996837231da8b7f3cf4114d71b5691a0680dd"
    dependencies:
      babel-runtime "^6.18.0"
      babel-types "^6.19.0"
      private "^0.1.6"
  
  regexpu-core@^2.0.0:
    version "2.0.0"
    resolved "https://registry.yarnpkg.com/regexpu-core/-/regexpu-core-2.0.0.tgz#49d038837b8dcf8bfa5b9a42139938e6ea2ae240"
    dependencies:
      regenerate "^1.2.1"
      regjsgen "^0.2.0"
      regjsparser "^0.1.4"
  
  regjsgen@^0.2.0:
    version "0.2.0"
    resolved "https://registry.yarnpkg.com/regjsgen/-/regjsgen-0.2.0.tgz#6c016adeac554f75823fe37ac05b92d5a4edb1f7"
  
  regjsparser@^0.1.4:
    version "0.1.5"
    resolved "https://registry.yarnpkg.com/regjsparser/-/regjsparser-0.1.5.tgz#7ee8f84dc6fa792d3fd0ae228d24bd949ead205c"
    dependencies:
      jsesc "~0.5.0"
  
  repeating@^2.0.0:
    version "2.0.1"
    resolved "https://registry.yarnpkg.com/repeating/-/repeating-2.0.1.tgz#5214c53a926d3552707527fbab415dbc08d06dda"
    dependencies:
      is-finite "^1.0.0"
  
  request@2:
    version "2.85.0"
    resolved "https://registry.yarnpkg.com/request/-/request-2.85.0.tgz#5a03615a47c61420b3eb99b7dba204f83603e1fa"
    dependencies:
      aws-sign2 "~0.7.0"
      aws4 "^1.6.0"
      caseless "~0.12.0"
      combined-stream "~1.0.5"
      extend "~3.0.1"
      forever-agent "~0.6.1"
      form-data "~2.3.1"
      har-validator "~5.0.3"
      hawk "~6.0.2"
      http-signature "~1.2.0"
      is-typedarray "~1.0.0"
      isstream "~0.1.2"
      json-stringify-safe "~5.0.1"
      mime-types "~2.1.17"
      oauth-sign "~0.8.2"
      performance-now "^2.1.0"
      qs "~6.5.1"
      safe-buffer "^5.1.1"
      stringstream "~0.0.5"
      tough-cookie "~2.3.3"
      tunnel-agent "^0.6.0"
      uuid "^3.1.0"
  
  require-directory@^2.1.1:
    version "2.1.1"
    resolved "https://registry.yarnpkg.com/require-directory/-/require-directory-2.1.1.tgz#8c64ad5fd30dab1c976e2344ffe7f792a6a6df42"
  
  require-main-filename@^1.0.1:
    version "1.0.1"
    resolved "https://registry.yarnpkg.com/require-main-filename/-/require-main-filename-1.0.1.tgz#97f717b69d48784f5f526a6c5aa8ffdda055a4d1"
  
  rimraf@2:
    version "2.6.2"
    resolved "https://registry.yarnpkg.com/rimraf/-/rimraf-2.6.2.tgz#2ed8150d24a16ea8651e6d6ef0f47c4158ce7a36"
    dependencies:
      glob "^7.0.5"
  
  safe-buffer@5.1.1, safe-buffer@^5.0.1, safe-buffer@^5.1.1, safe-buffer@~5.1.0, safe-buffer@~5.1.1:
    version "5.1.1"
    resolved "https://registry.yarnpkg.com/safe-buffer/-/safe-buffer-5.1.1.tgz#893312af69b2123def71f57889001671eeb2c853"
  
  "semver@2 || 3 || 4 || 5", semver@^5.3.0:
    version "5.5.0"
    resolved "https://registry.yarnpkg.com/semver/-/semver-5.5.0.tgz#dc4bbc7a6ca9d916dee5d43516f0092b58f7b8ab"
  
  semver@~5.3.0:
    version "5.3.0"
    resolved "https://registry.yarnpkg.com/semver/-/semver-5.3.0.tgz#9b2ce5d3de02d17c6012ad326aa6b4d0cf54f94f"
  
  send@0.16.2:
    version "0.16.2"
    resolved "https://registry.yarnpkg.com/send/-/send-0.16.2.tgz#6ecca1e0f8c156d141597559848df64730a6bbc1"
    dependencies:
      debug "2.6.9"
      depd "~1.1.2"
      destroy "~1.0.4"
      encodeurl "~1.0.2"
      escape-html "~1.0.3"
      etag "~1.8.1"
      fresh "0.5.2"
      http-errors "~1.6.2"
      mime "1.4.1"
      ms "2.0.0"
      on-finished "~2.3.0"
      range-parser "~1.2.0"
      statuses "~1.4.0"
  
  serve-static@1.13.2:
    version "1.13.2"
    resolved "https://registry.yarnpkg.com/serve-static/-/serve-static-1.13.2.tgz#095e8472fd5b46237db50ce486a43f4b86c6cec1"
    dependencies:
      encodeurl "~1.0.2"
      escape-html "~1.0.3"
      parseurl "~1.3.2"
      send "0.16.2"
  
  set-blocking@^2.0.0, set-blocking@~2.0.0:
    version "2.0.0"
    resolved "https://registry.yarnpkg.com/set-blocking/-/set-blocking-2.0.0.tgz#045f9782d011ae9a6803ddd382b24392b3d890f7"
  
  setprototypeof@1.0.3:
    version "1.0.3"
    resolved "https://registry.yarnpkg.com/setprototypeof/-/setprototypeof-1.0.3.tgz#66567e37043eeb4f04d91bd658c0cbefb55b8e04"
  
  setprototypeof@1.1.0:
    version "1.1.0"
    resolved "https://registry.yarnpkg.com/setprototypeof/-/setprototypeof-1.1.0.tgz#d0bd85536887b6fe7c0d818cb962d9d91c54e656"
  
  shebang-command@^1.2.0:
    version "1.2.0"
    resolved "https://registry.yarnpkg.com/shebang-command/-/shebang-command-1.2.0.tgz#44aac65b695b03398968c39f363fee5deafdf1ea"
    dependencies:
      shebang-regex "^1.0.0"
  
  shebang-regex@^1.0.0:
    version "1.0.0"
    resolved "https://registry.yarnpkg.com/shebang-regex/-/shebang-regex-1.0.0.tgz#da42f49740c0b42db2ca9728571cb190c98efea3"
  
  signal-exit@^3.0.0:
    version "3.0.2"
    resolved "https://registry.yarnpkg.com/signal-exit/-/signal-exit-3.0.2.tgz#b5fdc08f1287ea1178628e415e25132b73646c6d"
  
  slash@^1.0.0:
    version "1.0.0"
    resolved "https://registry.yarnpkg.com/slash/-/slash-1.0.0.tgz#c41f2f6c39fc16d1cd17ad4b5d896114ae470d55"
  
  sntp@2.x.x:
    version "2.1.0"
    resolved "https://registry.yarnpkg.com/sntp/-/sntp-2.1.0.tgz#2c6cec14fedc2222739caf9b5c3d85d1cc5a2cc8"
    dependencies:
      hoek "4.x.x"
  
  source-map-support@^0.4.15:
    version "0.4.18"
    resolved "https://registry.yarnpkg.com/source-map-support/-/source-map-support-0.4.18.tgz#0286a6de8be42641338594e97ccea75f0a2c585f"
    dependencies:
      source-map "^0.5.6"
  
  source-map@^0.5.6, source-map@^0.5.7:
    version "0.5.7"
    resolved "https://registry.yarnpkg.com/source-map/-/source-map-0.5.7.tgz#8a039d2d1021d22d1ea14c80d8ea468ba2ef3fcc"
  
  spdx-correct@^3.0.0:
    version "3.0.0"
    resolved "https://registry.yarnpkg.com/spdx-correct/-/spdx-correct-3.0.0.tgz#05a5b4d7153a195bc92c3c425b69f3b2a9524c82"
    dependencies:
      spdx-expression-parse "^3.0.0"
      spdx-license-ids "^3.0.0"
  
  spdx-exceptions@^2.1.0:
    version "2.1.0"
    resolved "https://registry.yarnpkg.com/spdx-exceptions/-/spdx-exceptions-2.1.0.tgz#2c7ae61056c714a5b9b9b2b2af7d311ef5c78fe9"
  
  spdx-expression-parse@^3.0.0:
    version "3.0.0"
    resolved "https://registry.yarnpkg.com/spdx-expression-parse/-/spdx-expression-parse-3.0.0.tgz#99e119b7a5da00e05491c9fa338b7904823b41d0"
    dependencies:
      spdx-exceptions "^2.1.0"
      spdx-license-ids "^3.0.0"
  
  spdx-license-ids@^3.0.0:
    version "3.0.0"
    resolved "https://registry.yarnpkg.com/spdx-license-ids/-/spdx-license-ids-3.0.0.tgz#7a7cd28470cc6d3a1cfe6d66886f6bc430d3ac87"
  
  sshpk@^1.7.0:
    version "1.14.1"
    resolved "https://registry.yarnpkg.com/sshpk/-/sshpk-1.14.1.tgz#130f5975eddad963f1d56f92b9ac6c51fa9f83eb"
    dependencies:
      asn1 "~0.2.3"
      assert-plus "^1.0.0"
      dashdash "^1.12.0"
      getpass "^0.1.1"
    optionalDependencies:
      bcrypt-pbkdf "^1.0.0"
      ecc-jsbn "~0.1.1"
      jsbn "~0.1.0"
      tweetnacl "~0.14.0"
  
  "statuses@>= 1.3.1 < 2", statuses@~1.4.0:
    version "1.4.0"
    resolved "https://registry.yarnpkg.com/statuses/-/statuses-1.4.0.tgz#bb73d446da2796106efcc1b601a253d6c46bd087"
  
  streamsearch@0.1.2:
    version "0.1.2"
    resolved "https://registry.yarnpkg.com/streamsearch/-/streamsearch-0.1.2.tgz#808b9d0e56fc273d809ba57338e929919a1a9f1a"
  
  string-width@^1.0.1, string-width@^1.0.2:
    version "1.0.2"
    resolved "https://registry.yarnpkg.com/string-width/-/string-width-1.0.2.tgz#118bdf5b8cdc51a2a7e70d211e07e2b0b9b107d3"
    dependencies:
      code-point-at "^1.0.0"
      is-fullwidth-code-point "^1.0.0"
      strip-ansi "^3.0.0"
  
  string-width@^2.0.0:
    version "2.1.1"
    resolved "https://registry.yarnpkg.com/string-width/-/string-width-2.1.1.tgz#ab93f27a8dc13d28cac815c462143a6d9012ae9e"
    dependencies:
      is-fullwidth-code-point "^2.0.0"
      strip-ansi "^4.0.0"
  
  string_decoder@~0.10.x:
    version "0.10.31"
    resolved "https://registry.yarnpkg.com/string_decoder/-/string_decoder-0.10.31.tgz#62e203bc41766c6c28c9fc84301dab1c5310fa94"
  
  string_decoder@~1.1.1:
    version "1.1.1"
    resolved "https://registry.yarnpkg.com/string_decoder/-/string_decoder-1.1.1.tgz#9cf1611ba62685d7030ae9e4ba34149c3af03fc8"
    dependencies:
      safe-buffer "~5.1.0"
  
  stringstream@~0.0.5:
    version "0.0.5"
    resolved "https://registry.yarnpkg.com/stringstream/-/stringstream-0.0.5.tgz#4e484cd4de5a0bbbee18e46307710a8a81621878"
  
  strip-ansi@^3.0.0, strip-ansi@^3.0.1:
    version "3.0.1"
    resolved "https://registry.yarnpkg.com/strip-ansi/-/strip-ansi-3.0.1.tgz#6a385fb8853d952d5ff05d0e8aaf94278dc63dcf"
    dependencies:
      ansi-regex "^2.0.0"
  
  strip-ansi@^4.0.0:
    version "4.0.0"
    resolved "https://registry.yarnpkg.com/strip-ansi/-/strip-ansi-4.0.0.tgz#a8479022eb1ac368a871389b635262c505ee368f"
    dependencies:
      ansi-regex "^3.0.0"
  
  strip-bom@^3.0.0:
    version "3.0.0"
    resolved "https://registry.yarnpkg.com/strip-bom/-/strip-bom-3.0.0.tgz#2334c18e9c759f7bdd56fdef7e9ae3d588e68ed3"
  
  strip-eof@^1.0.0:
    version "1.0.0"
    resolved "https://registry.yarnpkg.com/strip-eof/-/strip-eof-1.0.0.tgz#bb43ff5598a6eb05d89b59fcd129c983313606bf"
  
  supports-color@^2.0.0:
    version "2.0.0"
    resolved "https://registry.yarnpkg.com/supports-color/-/supports-color-2.0.0.tgz#535d045ce6b6363fa40117084629995e9df324c7"
  
  tar@^2.0.0:
    version "2.2.1"
    resolved "https://registry.yarnpkg.com/tar/-/tar-2.2.1.tgz#8e4d2a256c0e2185c6b18ad694aec968b83cb1d1"
    dependencies:
      block-stream "*"
      fstream "^1.0.2"
      inherits "2"
  
  to-fast-properties@^1.0.3:
    version "1.0.3"
    resolved "https://registry.yarnpkg.com/to-fast-properties/-/to-fast-properties-1.0.3.tgz#b83571fa4d8c25b82e231b06e3a3055de4ca1a47"
  
  tough-cookie@~2.3.3:
    version "2.3.4"
    resolved "https://registry.yarnpkg.com/tough-cookie/-/tough-cookie-2.3.4.tgz#ec60cee38ac675063ffc97a5c18970578ee83655"
    dependencies:
      punycode "^1.4.1"
  
  trim-right@^1.0.1:
    version "1.0.1"
    resolved "https://registry.yarnpkg.com/trim-right/-/trim-right-1.0.1.tgz#cb2e1203067e0c8de1f614094b9fe45704ea6003"
  
  tunnel-agent@^0.6.0:
    version "0.6.0"
    resolved "https://registry.yarnpkg.com/tunnel-agent/-/tunnel-agent-0.6.0.tgz#27a5dea06b36b04a0a9966774b290868f0fc40fd"
    dependencies:
      safe-buffer "^5.0.1"
  
  tweetnacl@^0.14.3, tweetnacl@~0.14.0:
    version "0.14.5"
    resolved "https://registry.yarnpkg.com/tweetnacl/-/tweetnacl-0.14.5.tgz#5ae68177f192d4456269d108afa93ff8743f4f64"
  
  type-is@^1.6.4, type-is@~1.6.15, type-is@~1.6.16:
    version "1.6.16"
    resolved "https://registry.yarnpkg.com/type-is/-/type-is-1.6.16.tgz#f89ce341541c672b25ee7ae3c73dee3b2be50194"
    dependencies:
      media-typer "0.3.0"
      mime-types "~2.1.18"
  
  typedarray@^0.0.6:
    version "0.0.6"
    resolved "https://registry.yarnpkg.com/typedarray/-/typedarray-0.0.6.tgz#867ac74e3864187b1d3d47d996a78ec5c8830777"
  
  unpipe@1.0.0, unpipe@~1.0.0:
    version "1.0.0"
    resolved "https://registry.yarnpkg.com/unpipe/-/unpipe-1.0.0.tgz#b2bf4ee8514aae6165b4817829d21b2ef49904ec"
  
  util-deprecate@~1.0.1:
    version "1.0.2"
    resolved "https://registry.yarnpkg.com/util-deprecate/-/util-deprecate-1.0.2.tgz#450d4dc9fa70de732762fbd2d4a28981419a0ccf"
  
  utils-merge@1.0.1:
    version "1.0.1"
    resolved "https://registry.yarnpkg.com/utils-merge/-/utils-merge-1.0.1.tgz#9f95710f50a267947b2ccc124741c1028427e713"
  
  uuid@^3.1.0:
    version "3.2.1"
    resolved "https://registry.yarnpkg.com/uuid/-/uuid-3.2.1.tgz#12c528bb9d58d0b9265d9a2f6f0fe8be17ff1f14"
  
  validate-npm-package-license@^3.0.1:
    version "3.0.3"
    resolved "https://registry.yarnpkg.com/validate-npm-package-license/-/validate-npm-package-license-3.0.3.tgz#81643bcbef1bdfecd4623793dc4648948ba98338"
    dependencies:
      spdx-correct "^3.0.0"
      spdx-expression-parse "^3.0.0"
  
  vary@~1.1.2:
    version "1.1.2"
    resolved "https://registry.yarnpkg.com/vary/-/vary-1.1.2.tgz#2299f02c6ded30d4a5961b0b9f74524a18f634fc"
  
  verror@1.10.0:
    version "1.10.0"
    resolved "https://registry.yarnpkg.com/verror/-/verror-1.10.0.tgz#3a105ca17053af55d6e270c1f8288682e18da400"
    dependencies:
      assert-plus "^1.0.0"
      core-util-is "1.0.2"
      extsprintf "^1.2.0"
  
  which-module@^2.0.0:
    version "2.0.0"
    resolved "https://registry.yarnpkg.com/which-module/-/which-module-2.0.0.tgz#d9ef07dce77b9902b8a3a8fa4b31c3e3f7e6e87a"
  
  which@1, which@^1.2.9:
    version "1.3.0"
    resolved "https://registry.yarnpkg.com/which/-/which-1.3.0.tgz#ff04bdfc010ee547d780bec38e1ac1c2777d253a"
    dependencies:
      isexe "^2.0.0"
  
  wide-align@^1.1.0:
    version "1.1.2"
    resolved "https://registry.yarnpkg.com/wide-align/-/wide-align-1.1.2.tgz#571e0f1b0604636ebc0dfc21b0339bbe31341710"
    dependencies:
      string-width "^1.0.2"
  
  wrap-ansi@^2.0.0:
    version "2.1.0"
    resolved "https://registry.yarnpkg.com/wrap-ansi/-/wrap-ansi-2.1.0.tgz#d8fc3d284dd05794fe84973caecdd1cf824fdd85"
    dependencies:
      string-width "^1.0.1"
      strip-ansi "^3.0.1"
  
  wrappy@1:
    version "1.0.2"
    resolved "https://registry.yarnpkg.com/wrappy/-/wrappy-1.0.2.tgz#b5243d8f3ec1aa35f1364605bc0d1036e30ab69f"
  
  xtend@^4.0.0:
    version "4.0.1"
    resolved "https://registry.yarnpkg.com/xtend/-/xtend-4.0.1.tgz#a5c6d532be656e23db820efb943a1f04998d63af"
  
  y18n@^3.2.1:
    version "3.2.1"
    resolved "https://registry.yarnpkg.com/y18n/-/y18n-3.2.1.tgz#6d15fba884c08679c0d77e88e7759e811e07fa41"
  
  yallist@^2.1.2:
    version "2.1.2"
    resolved "https://registry.yarnpkg.com/yallist/-/yallist-2.1.2.tgz#1c11f9218f076089a47dd512f93c6699a6a81d52"
  
  yargs-parser@^7.0.0:
    version "7.0.0"
    resolved "https://registry.yarnpkg.com/yargs-parser/-/yargs-parser-7.0.0.tgz#8d0ac42f16ea55debd332caf4c4038b3e3f5dfd9"
    dependencies:
      camelcase "^4.1.0"
  
  yargs@^9.0.1:
    version "9.0.1"
    resolved "https://registry.yarnpkg.com/yargs/-/yargs-9.0.1.tgz#52acc23feecac34042078ee78c0c007f5085db4c"
    dependencies:
      camelcase "^4.1.0"
      cliui "^3.2.0"
      decamelize "^1.1.1"
      get-caller-file "^1.0.1"
      os-locale "^2.0.0"
      read-pkg-up "^2.0.0"
      require-directory "^2.1.1"
      require-main-filename "^1.0.1"
      set-blocking "^2.0.0"
      string-width "^2.0.0"
      which-module "^2.0.0"
      y18n "^3.2.1"
      yargs-parser "^7.0.0"

Trace: 
  Error: /home/havard/dev/lifefeed/server/node_modules/bcrypt: Command failed.
  Exit code: 1
  Command: sh
  Arguments: -c node-gyp rebuild
  Directory: /home/havard/dev/lifefeed/server/node_modules/bcrypt
  Output:
  gyp info it worked if it ends with ok
  gyp info using node-gyp@3.6.2
  gyp info using node@8.4.0 | linux | x64
  gyp WARN download NVM_NODEJS_ORG_MIRROR is deprecated and will be removed in node-gyp v4, please use NODEJS_ORG_MIRROR
  gyp WARN download NVM_NODEJS_ORG_MIRROR is deprecated and will be removed in node-gyp v4, please use NODEJS_ORG_MIRROR
  gyp info spawn /bin/python2
  gyp info spawn args [ '/home/havard/.nvm/versions/node/v8.4.0/lib/node_modules/npm/node_modules/node-gyp/gyp/gyp_main.py',
  gyp info spawn args   'binding.gyp',
  gyp info spawn args   '-f',
  gyp info spawn args   'make',
  gyp info spawn args   '-I',
  gyp info spawn args   '/home/havard/dev/lifefeed/server/node_modules/bcrypt/build/config.gypi',
  gyp info spawn args   '-I',
  gyp info spawn args   '/home/havard/.nvm/versions/node/v8.4.0/lib/node_modules/npm/node_modules/node-gyp/addon.gypi',
  gyp info spawn args   '-I',
  gyp info spawn args   '/home/havard/.node-gyp/8.4.0/include/node/common.gypi',
  gyp info spawn args   '-Dlibrary=shared_library',
  gyp info spawn args   '-Dvisibility=default',
  gyp info spawn args   '-Dnode_root_dir=/home/havard/.node-gyp/8.4.0',
  gyp info spawn args   '-Dnode_gyp_dir=/home/havard/.nvm/versions/node/v8.4.0/lib/node_modules/npm/node_modules/node-gyp',
  gyp info spawn args   '-Dnode_lib_file=/home/havard/.node-gyp/8.4.0/<(target_arch)/node.lib',
  gyp info spawn args   '-Dmodule_root_dir=/home/havard/dev/lifefeed/server/node_modules/bcrypt',
  gyp info spawn args   '-Dnode_engine=v8',
  gyp info spawn args   '--depth=.',
  gyp info spawn args   '--no-parallel',
  gyp info spawn args   '--generator-output',
  gyp info spawn args   'build',
  gyp info spawn args   '-Goutput_dir=.' ]
  gyp WARN download NVM_NODEJS_ORG_MIRROR is deprecated and will be removed in node-gyp v4, please use NODEJS_ORG_MIRROR
  gyp info spawn make
  gyp info spawn args [ 'BUILDTYPE=Release', '-C', 'build' ]
  make: Entering directory '/home/havard/dev/lifefeed/server/node_modules/bcrypt/build'
    CXX(target) Release/obj.target/bcrypt_lib/src/blowfish.o
    CXX(target) Release/obj.target/bcrypt_lib/src/bcrypt.o
  ../src/bcrypt.cc: In function void encode_salt(char*, u_int8_t*, u_int16_t, u_int8_t):
  ../src/bcrypt.cc:132:1: warning: snprintf output may be truncated before the last format character [-Wformat-truncation=]
   encode_salt(char *salt, u_int8_t *csalt, u_int16_t clen, u_int8_t logr)
   ^~~~~~~~~~~
  ../src/bcrypt.cc:139:10: note: snprintf output between 4 and 5 bytes into a destination of size 4
    snprintf(salt + 4, 4, "%2.2u$", logr);
    ~~~~~~~~^~~~~~~~~~~~~~~~~~~~~~~~~~~~~
  ../src/bcrypt.cc: In function void bcrypt(const char*, const char*, char*):
  ../src/bcrypt.cc:165:1: warning: snprintf output may be truncated before the last format character [-Wformat-truncation=]
   bcrypt(const char *key, const char *salt, char *encrypted)
   ^~~~~~
  ../src/bcrypt.cc:270:10: note: snprintf output between 4 and 5 bytes into a destination of size 4
    snprintf(encrypted + i, 4, "%2.2u$", logr);
    ~~~~~~~~^~~~~~~~~~~~~~~~~~~~~~~~~~~~~~~~~~
    CXX(target) Release/obj.target/bcrypt_lib/src/bcrypt_node.o
  ../src/bcrypt_node.cc: In destructor virtual {anonymous}::baton_base::~baton_base():
  ../src/bcrypt_node.cc:54:18: error: class v8::Persistent<v8::Function> has no member named Dispose
           callback.Dispose();
                    ^~~~~~~
  ../src/bcrypt_node.cc: At global scope:
  ../src/bcrypt_node.cc:128:19: error: variable or field GenSaltAsync declared void
   void GenSaltAsync(uv_work_t* req) {
                     ^~~~~~~~~
  ../src/bcrypt_node.cc:128:19: error: uv_work_t was not declared in this scope
  ../src/bcrypt_node.cc:128:19: note: suggested alternative: uv_loop_s
   void GenSaltAsync(uv_work_t* req) {
                     ^~~~~~~~~
                     uv_loop_s
  ../src/bcrypt_node.cc:128:30: error: req was not declared in this scope
   void GenSaltAsync(uv_work_t* req) {
                                ^~~
  ../src/bcrypt_node.cc:128:30: note: suggested alternative: free
   void GenSaltAsync(uv_work_t* req) {
                                ^~~
                                free
  ../src/bcrypt_node.cc:137:24: error: variable or field GenSaltAsyncAfter declared void
   void GenSaltAsyncAfter(uv_work_t* req) {
                          ^~~~~~~~~
  ../src/bcrypt_node.cc:137:24: error: uv_work_t was not declared in this scope
  ../src/bcrypt_node.cc:137:24: note: suggested alternative: uv_loop_s
   void GenSaltAsyncAfter(uv_work_t* req) {
                          ^~~~~~~~~
                          uv_loop_s
  ../src/bcrypt_node.cc:137:35: error: req was not declared in this scope
   void GenSaltAsyncAfter(uv_work_t* req) {
                                     ^~~
  ../src/bcrypt_node.cc:137:35: note: suggested alternative: free
   void GenSaltAsyncAfter(uv_work_t* req) {
                                     ^~~
                                     free
  ../src/bcrypt_node.cc:164:34: error: Arguments does not name a type
   Handle<Value> GenerateSalt(const Arguments &args) {
                                    ^~~~~~~~~
  ../src/bcrypt_node.cc: In function v8::Handle<v8::Value> {anonymous}::GenerateSalt(const int&):
  ../src/bcrypt_node.cc:165:17: error: v8::HandleScope::HandleScope() is protected within this context
       HandleScope scope;
                   ^~~~~
  In file included from /home/havard/.node-gyp/8.4.0/include/node/node.h:63:0,
                   from ../src/bcrypt_node.cc:31:
  /home/havard/.node-gyp/8.4.0/include/node/v8.h:876:13: note: declared protected here
     V8_INLINE HandleScope() {}
               ^~~~~~~~~~~
  ../src/bcrypt_node.cc:167:14: error: request for member Length in args, which is of non-class type const int
       if (args.Length() < 3) {
                ^~~~~~
  ../src/bcrypt_node.cc:168:60: error: New is not a member of v8::String
           return ThrowException(Exception::TypeError(String::New("3 arguments expected")));
                                                              ^~~
  ../src/bcrypt_node.cc:168:16: error: ThrowException was not declared in this scope
           return ThrowException(Exception::TypeError(String::New("3 arguments expected")));
                  ^~~~~~~~~~~~~~
  ../src/bcrypt_node.cc:171:36: error: invalid types const int[int] for array subscript
       if (!Buffer::HasInstance(args[1]) || Buffer::Length(args[1].As<Object>()) != 16) {
                                      ^
  ../src/bcrypt_node.cc:171:63: error: invalid types const int[int] for array subscript
       if (!Buffer::HasInstance(args[1]) || Buffer::Length(args[1].As<Object>()) != 16) {
                                                                 ^
  ../src/bcrypt_node.cc:171:74: error: expected primary-expression before > token
       if (!Buffer::HasInstance(args[1]) || Buffer::Length(args[1].As<Object>()) != 16) {
                                                                            ^
  ../src/bcrypt_node.cc:171:76: error: expected primary-expression before ) token
       if (!Buffer::HasInstance(args[1]) || Buffer::Length(args[1].As<Object>()) != 16) {
                                                                              ^
  ../src/bcrypt_node.cc:172:60: error: New is not a member of v8::String
           return ThrowException(Exception::TypeError(String::New("Second argument must be a 16 byte Buffer")));
                                                              ^~~
  ../src/bcrypt_node.cc:172:16: error: ThrowException was not declared in this scope
           return ThrowException(Exception::TypeError(String::New("Second argument must be a 16 byte Buffer")));
                  ^~~~~~~~~~~~~~
  ../src/bcrypt_node.cc:175:34: error: invalid types const int[int] for array subscript
       const ssize_t rounds = args[0]->Int32Value();
                                    ^
  ../src/bcrypt_node.cc:176:32: error: invalid types const int[int] for array subscript
       Local<Object> seed = args[1].As<Object>();
                                  ^
  ../src/bcrypt_node.cc:176:43: error: expected primary-expression before > token
       Local<Object> seed = args[1].As<Object>();
                                             ^
  ../src/bcrypt_node.cc:176:45: error: expected primary-expression before ) token
       Local<Object> seed = args[1].As<Object>();
                                               ^
  ../src/bcrypt_node.cc:177:60: error: invalid types const int[int] for array subscript
       Local<Function> callback = Local<Function>::Cast(args[2]);
                                                              ^
  ../src/bcrypt_node.cc:182:57: error: no matching function for call to v8::Persistent<v8::Function>::New(v8::Local<v8::Function>&)
       baton->callback = Persistent<Function>::New(callback);
                                                           ^
  In file included from /home/havard/.node-gyp/8.4.0/include/node/node.h:63:0,
                   from ../src/bcrypt_node.cc:31:
  /home/havard/.node-gyp/8.4.0/include/node/v8.h:8985:4: note: candidate: static T* v8::PersistentBase<T>::New(v8::Isolate*, T*) [with T = v8::Function]
   T* PersistentBase<T>::New(Isolate* isolate, T* that) {
      ^~~~~~~~~~~~~~~~~
  /home/havard/.node-gyp/8.4.0/include/node/v8.h:8985:4: note:   candidate expects 2 arguments, 1 provided
  ../src/bcrypt_node.cc:185:5: error: uv_work_t was not declared in this scope
       uv_work_t* req = new uv_work_t;
       ^~~~~~~~~
  ../src/bcrypt_node.cc:185:5: note: suggested alternative: uv_loop_s
       uv_work_t* req = new uv_work_t;
       ^~~~~~~~~
       uv_loop_s
  ../src/bcrypt_node.cc:185:16: error: req was not declared in this scope
       uv_work_t* req = new uv_work_t;
                  ^~~
  ../src/bcrypt_node.cc:185:16: note: suggested alternative: free
       uv_work_t* req = new uv_work_t;
                  ^~~
                  free
  ../src/bcrypt_node.cc:185:26: error: uv_work_t does not name a type; did you mean uv_loop_s?
       uv_work_t* req = new uv_work_t;
                            ^~~~~~~~~
                            uv_loop_s
  ../src/bcrypt_node.cc:187:19: error: uv_default_loop was not declared in this scope
       uv_queue_work(uv_default_loop(), req, GenSaltAsync, (uv_after_work_cb)GenSaltAsyncAfter);
                     ^~~~~~~~~~~~~~~
  ../src/bcrypt_node.cc:187:43: error: GenSaltAsync was not declared in this scope
       uv_queue_work(uv_default_loop(), req, GenSaltAsync, (uv_after_work_cb)GenSaltAsyncAfter);
                                             ^~~~~~~~~~~~
  ../src/bcrypt_node.cc:187:58: error: uv_after_work_cb was not declared in this scope
       uv_queue_work(uv_default_loop(), req, GenSaltAsync, (uv_after_work_cb)GenSaltAsyncAfter);
                                                            ^~~~~~~~~~~~~~~~
  ../src/bcrypt_node.cc:187:5: error: uv_queue_work was not declared in this scope
       uv_queue_work(uv_default_loop(), req, GenSaltAsync, (uv_after_work_cb)GenSaltAsyncAfter);
       ^~~~~~~~~~~~~
  ../src/bcrypt_node.cc:189:22: error: too few arguments to function v8::Local<v8::Primitive> v8::Undefined(v8::Isolate*)
       return Undefined();
                        ^
  In file included from /home/havard/.node-gyp/8.4.0/include/node/node.h:63:0,
                   from ../src/bcrypt_node.cc:31:
  /home/havard/.node-gyp/8.4.0/include/node/v8.h:312:27: note: declared here
     friend Local<Primitive> Undefined(Isolate* isolate);
                             ^~~~~~~~~
  ../src/bcrypt_node.cc: At global scope:
  ../src/bcrypt_node.cc:192:38: error: Arguments does not name a type
   Handle<Value> GenerateSaltSync(const Arguments& args) {
                                        ^~~~~~~~~
  ../src/bcrypt_node.cc: In function v8::Handle<v8::Value> {anonymous}::GenerateSaltSync(const int&):
  ../src/bcrypt_node.cc:193:17: error: v8::HandleScope::HandleScope() is protected within this context
       HandleScope scope;
                   ^~~~~
  In file included from /home/havard/.node-gyp/8.4.0/include/node/node.h:63:0,
                   from ../src/bcrypt_node.cc:31:
  /home/havard/.node-gyp/8.4.0/include/node/v8.h:876:13: note: declared protected here
     V8_INLINE HandleScope() {}
               ^~~~~~~~~~~
  ../src/bcrypt_node.cc:195:14: error: request for member Length in args, which is of non-class type const int
       if (args.Length() < 2) {
                ^~~~~~
  ../src/bcrypt_node.cc:196:60: error: New is not a member of v8::String
           return ThrowException(Exception::TypeError(String::New("2 arguments expected")));
                                                              ^~~
  ../src/bcrypt_node.cc:196:16: error: ThrowException was not declared in this scope
           return ThrowException(Exception::TypeError(String::New("2 arguments expected")));
                  ^~~~~~~~~~~~~~
  ../src/bcrypt_node.cc:199:36: error: invalid types const int[int] for array subscript
       if (!Buffer::HasInstance(args[1]) || Buffer::Length(args[1].As<Object>()) != 16) {
                                      ^
  ../src/bcrypt_node.cc:199:63: error: invalid types const int[int] for array subscript
       if (!Buffer::HasInstance(args[1]) || Buffer::Length(args[1].As<Object>()) != 16) {
                                                                 ^
  ../src/bcrypt_node.cc:199:74: error: expected primary-expression before > token
       if (!Buffer::HasInstance(args[1]) || Buffer::Length(args[1].As<Object>()) != 16) {
                                                                            ^
  ../src/bcrypt_node.cc:199:76: error: expected primary-expression before ) token
       if (!Buffer::HasInstance(args[1]) || Buffer::Length(args[1].As<Object>()) != 16) {
                                                                              ^
  ../src/bcrypt_node.cc:200:60: error: New is not a member of v8::String
           return ThrowException(Exception::TypeError(String::New("Second argument must be a 16 byte Buffer")));
                                                              ^~~
  ../src/bcrypt_node.cc:200:16: error: ThrowException was not declared in this scope
           return ThrowException(Exception::TypeError(String::New("Second argument must be a 16 byte Buffer")));
                  ^~~~~~~~~~~~~~
  ../src/bcrypt_node.cc:203:34: error: invalid types const int[int] for array subscript
       const ssize_t rounds = args[0]->Int32Value();
                                    ^
  ../src/bcrypt_node.cc:204:52: error: invalid types const int[int] for array subscript
       u_int8_t* seed = (u_int8_t*)Buffer::Data(args[1].As<Object>());
                                                      ^
  ../src/bcrypt_node.cc:204:63: error: expected primary-expression before > token
       u_int8_t* seed = (u_int8_t*)Buffer::Data(args[1].As<Object>());
                                                                 ^
  ../src/bcrypt_node.cc:204:65: error: expected primary-expression before ) token
       u_int8_t* seed = (u_int8_t*)Buffer::Data(args[1].As<Object>());
                                                                   ^
  ../src/bcrypt_node.cc:209:18: error: class v8::HandleScope has no member named Close
       return scope.Close(Encode(salt, strlen(salt), BINARY));
                    ^~~~~
  ../src/bcrypt_node.cc:209:57: warning: v8::Local<v8::Value> node::Encode(const void*, size_t, node::encoding) is deprecated: Use Encode(isolate, ...) [-Wdeprecated-declarations]
       return scope.Close(Encode(salt, strlen(salt), BINARY));
                                                           ^
  In file included from ../src/bcrypt_node.cc:31:0:
  /home/havard/.node-gyp/8.4.0/include/node/node.h:355:45: note: declared here
                   inline v8::Local<v8::Value> Encode(
                                               ^
  /home/havard/.node-gyp/8.4.0/include/node/node.h:87:42: note: in definition of macro NODE_DEPRECATED
       __attribute__((deprecated(message))) declarator
                                            ^~~~~~~~~~
  ../src/bcrypt_node.cc: At global scope:
  ../src/bcrypt_node.cc:213:19: error: variable or field EncryptAsync declared void
   void EncryptAsync(uv_work_t* req) {
                     ^~~~~~~~~
  ../src/bcrypt_node.cc:213:19: error: uv_work_t was not declared in this scope
  ../src/bcrypt_node.cc:213:19: note: suggested alternative: uv_loop_s
   void EncryptAsync(uv_work_t* req) {
                     ^~~~~~~~~
                     uv_loop_s
  ../src/bcrypt_node.cc:213:30: error: req was not declared in this scope
   void EncryptAsync(uv_work_t* req) {
                                ^~~
  ../src/bcrypt_node.cc:213:30: note: suggested alternative: free
   void EncryptAsync(uv_work_t* req) {
                                ^~~
                                free
  ../src/bcrypt_node.cc:225:24: error: variable or field EncryptAsyncAfter declared void
   void EncryptAsyncAfter(uv_work_t* req) {
                          ^~~~~~~~~
  ../src/bcrypt_node.cc:225:24: error: uv_work_t was not declared in this scope
  ../src/bcrypt_node.cc:225:24: note: suggested alternative: uv_loop_s
   void EncryptAsyncAfter(uv_work_t* req) {
                          ^~~~~~~~~
                          uv_loop_s
  ../src/bcrypt_node.cc:225:35: error: req was not declared in this scope
   void EncryptAsyncAfter(uv_work_t* req) {
                                     ^~~
  ../src/bcrypt_node.cc:225:35: note: suggested alternative: free
   void EncryptAsyncAfter(uv_work_t* req) {
                                     ^~~
                                     free
  ../src/bcrypt_node.cc:252:29: error: Arguments does not name a type
   Handle<Value> Encrypt(const Arguments& args) {
                               ^~~~~~~~~
  ../src/bcrypt_node.cc: In function v8::Handle<v8::Value> {anonymous}::Encrypt(const int&):
  ../src/bcrypt_node.cc:253:17: error: v8::HandleScope::HandleScope() is protected within this context
       HandleScope scope;
                   ^~~~~
  In file included from /home/havard/.node-gyp/8.4.0/include/node/node.h:63:0,
                   from ../src/bcrypt_node.cc:31:
  /home/havard/.node-gyp/8.4.0/include/node/v8.h:876:13: note: declared protected here
     V8_INLINE HandleScope() {}
               ^~~~~~~~~~~
  ../src/bcrypt_node.cc:255:14: error: request for member Length in args, which is of non-class type const int
       if (args.Length() < 3) {
                ^~~~~~
  ../src/bcrypt_node.cc:256:60: error: New is not a member of v8::String
           return ThrowException(Exception::TypeError(String::New("3 arguments expected")));
                                                              ^~~
  ../src/bcrypt_node.cc:256:16: error: ThrowException was not declared in this scope
           return ThrowException(Exception::TypeError(String::New("3 arguments expected")));
                  ^~~~~~~~~~~~~~
  ../src/bcrypt_node.cc:259:34: error: invalid types const int[int] for array subscript
       String::Utf8Value data(args[0]->ToString());
                                    ^
  ../src/bcrypt_node.cc:260:34: error: invalid types const int[int] for array subscript
       String::Utf8Value salt(args[1]->ToString());
                                    ^
  ../src/bcrypt_node.cc:261:60: error: invalid types const int[int] for array subscript
       Local<Function> callback = Local<Function>::Cast(args[2]);
                                                              ^
  ../src/bcrypt_node.cc:264:57: error: no matching function for call to v8::Persistent<v8::Function>::New(v8::Local<v8::Function>&)
       baton->callback = Persistent<Function>::New(callback);
                                                           ^
  In file included from /home/havard/.node-gyp/8.4.0/include/node/node.h:63:0,
                   from ../src/bcrypt_node.cc:31:
  /home/havard/.node-gyp/8.4.0/include/node/v8.h:8985:4: note: candidate: static T* v8::PersistentBase<T>::New(v8::Isolate*, T*) [with T = v8::Function]
   T* PersistentBase<T>::New(Isolate* isolate, T* that) {
      ^~~~~~~~~~~~~~~~~
  /home/havard/.node-gyp/8.4.0/include/node/v8.h:8985:4: note:   candidate expects 2 arguments, 1 provided
  ../src/bcrypt_node.cc:268:5: error: uv_work_t was not declared in this scope
       uv_work_t* req = new uv_work_t;
       ^~~~~~~~~
  ../src/bcrypt_node.cc:268:5: note: suggested alternative: uv_loop_s
       uv_work_t* req = new uv_work_t;
       ^~~~~~~~~
       uv_loop_s
  ../src/bcrypt_node.cc:268:16: error: req was not declared in this scope
       uv_work_t* req = new uv_work_t;
                  ^~~
  ../src/bcrypt_node.cc:268:16: note: suggested alternative: free
       uv_work_t* req = new uv_work_t;
                  ^~~
                  free
  ../src/bcrypt_node.cc:268:26: error: uv_work_t does not name a type; did you mean uv_loop_s?
       uv_work_t* req = new uv_work_t;
                            ^~~~~~~~~
                            uv_loop_s
  ../src/bcrypt_node.cc:270:19: error: uv_default_loop was not declared in this scope
       uv_queue_work(uv_default_loop(), req, EncryptAsync, (uv_after_work_cb)EncryptAsyncAfter);
                     ^~~~~~~~~~~~~~~
  ../src/bcrypt_node.cc:270:43: error: EncryptAsync was not declared in this scope
       uv_queue_work(uv_default_loop(), req, EncryptAsync, (uv_after_work_cb)EncryptAsyncAfter);
                                             ^~~~~~~~~~~~
  ../src/bcrypt_node.cc:270:43: note: suggested alternative: Encrypt
       uv_queue_work(uv_default_loop(), req, EncryptAsync, (uv_after_work_cb)EncryptAsyncAfter);
                                             ^~~~~~~~~~~~
                                             Encrypt
  ../src/bcrypt_node.cc:270:58: error: uv_after_work_cb was not declared in this scope
       uv_queue_work(uv_default_loop(), req, EncryptAsync, (uv_after_work_cb)EncryptAsyncAfter);
                                                            ^~~~~~~~~~~~~~~~
  ../src/bcrypt_node.cc:270:5: error: uv_queue_work was not declared in this scope
       uv_queue_work(uv_default_loop(), req, EncryptAsync, (uv_after_work_cb)EncryptAsyncAfter);
       ^~~~~~~~~~~~~
  ../src/bcrypt_node.cc:272:22: error: too few arguments to function v8::Local<v8::Primitive> v8::Undefined(v8::Isolate*)
       return Undefined();
                        ^
  In file included from /home/havard/.node-gyp/8.4.0/include/node/node.h:63:0,
                   from ../src/bcrypt_node.cc:31:
  /home/havard/.node-gyp/8.4.0/include/node/v8.h:312:27: note: declared here
     friend Local<Primitive> Undefined(Isolate* isolate);
                             ^~~~~~~~~
  ../src/bcrypt_node.cc: At global scope:
  ../src/bcrypt_node.cc:275:33: error: Arguments does not name a type
   Handle<Value> EncryptSync(const Arguments& args) {
                                   ^~~~~~~~~
  ../src/bcrypt_node.cc: In function v8::Handle<v8::Value> {anonymous}::EncryptSync(const int&):
  ../src/bcrypt_node.cc:276:17: error: v8::HandleScope::HandleScope() is protected within this context
       HandleScope scope;
                   ^~~~~
  In file included from /home/havard/.node-gyp/8.4.0/include/node/node.h:63:0,
                   from ../src/bcrypt_node.cc:31:
  /home/havard/.node-gyp/8.4.0/include/node/v8.h:876:13: note: declared protected here
     V8_INLINE HandleScope() {}
               ^~~~~~~~~~~
  ../src/bcrypt_node.cc:278:14: error: request for member Length in args, which is of non-class type const int
       if (args.Length() < 2) {
                ^~~~~~
  ../src/bcrypt_node.cc:279:60: error: New is not a member of v8::String
           return ThrowException(Exception::TypeError(String::New("2 arguments expected")));
                                                              ^~~
  ../src/bcrypt_node.cc:279:16: error: ThrowException was not declared in this scope
           return ThrowException(Exception::TypeError(String::New("2 arguments expected")));
                  ^~~~~~~~~~~~~~
  ../src/bcrypt_node.cc:282:34: error: invalid types const int[int] for array subscript
       String::Utf8Value data(args[0]->ToString());
                                    ^
  ../src/bcrypt_node.cc:283:34: error: invalid types const int[int] for array subscript
       String::Utf8Value salt(args[1]->ToString());
                                    ^
  ../src/bcrypt_node.cc:286:56: error: New is not a member of v8::String
           return ThrowException(Exception::Error(String::New("Invalid salt. Salt must be in the form of: $Vers$log2(NumRounds)$saltvalue")));
                                                          ^~~
  ../src/bcrypt_node.cc:286:16: error: ThrowException was not declared in this scope
           return ThrowException(Exception::Error(String::New("Invalid salt. Salt must be in the form of: $Vers$log2(NumRounds)$saltvalue")));
                  ^~~~~~~~~~~~~~
  ../src/bcrypt_node.cc:291:18: error: class v8::HandleScope has no member named Close
       return scope.Close(Encode(bcrypted, strlen(bcrypted), BINARY));
                    ^~~~~
  ../src/bcrypt_node.cc:291:65: warning: v8::Local<v8::Value> node::Encode(const void*, size_t, node::encoding) is deprecated: Use Encode(isolate, ...) [-Wdeprecated-declarations]
       return scope.Close(Encode(bcrypted, strlen(bcrypted), BINARY));
                                                                   ^
  In file included from ../src/bcrypt_node.cc:31:0:
  /home/havard/.node-gyp/8.4.0/include/node/node.h:355:45: note: declared here
                   inline v8::Local<v8::Value> Encode(
                                               ^
  /home/havard/.node-gyp/8.4.0/include/node/node.h:87:42: note: in definition of macro NODE_DEPRECATED
       __attribute__((deprecated(message))) declarator
                                            ^~~~~~~~~~
  ../src/bcrypt_node.cc: At global scope:
  ../src/bcrypt_node.cc:318:19: error: variable or field CompareAsync declared void
   void CompareAsync(uv_work_t* req) {
                     ^~~~~~~~~
  ../src/bcrypt_node.cc:318:19: error: uv_work_t was not declared in this scope
  ../src/bcrypt_node.cc:318:19: note: suggested alternative: uv_loop_s
   void CompareAsync(uv_work_t* req) {
                     ^~~~~~~~~
                     uv_loop_s
  ../src/bcrypt_node.cc:318:30: error: req was not declared in this scope
   void CompareAsync(uv_work_t* req) {
                                ^~~
  ../src/bcrypt_node.cc:318:30: note: suggested alternative: free
   void CompareAsync(uv_work_t* req) {
                                ^~~
                                free
  ../src/bcrypt_node.cc:328:24: error: variable or field CompareAsyncAfter declared void
   void CompareAsyncAfter(uv_work_t* req) {
                          ^~~~~~~~~
  ../src/bcrypt_node.cc:328:24: error: uv_work_t was not declared in this scope
  ../src/bcrypt_node.cc:328:24: note: suggested alternative: uv_loop_s
   void CompareAsyncAfter(uv_work_t* req) {
                          ^~~~~~~~~
                          uv_loop_s
  ../src/bcrypt_node.cc:328:35: error: req was not declared in this scope
   void CompareAsyncAfter(uv_work_t* req) {
                                     ^~~
  ../src/bcrypt_node.cc:328:35: note: suggested alternative: free
   void CompareAsyncAfter(uv_work_t* req) {
                                     ^~~
                                     free
  ../src/bcrypt_node.cc:356:29: error: Arguments does not name a type
   Handle<Value> Compare(const Arguments& args) {
                               ^~~~~~~~~
  ../src/bcrypt_node.cc: In function v8::Handle<v8::Value> {anonymous}::Compare(const int&):
  ../src/bcrypt_node.cc:357:17: error: v8::HandleScope::HandleScope() is protected within this context
       HandleScope scope;
                   ^~~~~
  In file included from /home/havard/.node-gyp/8.4.0/include/node/node.h:63:0,
                   from ../src/bcrypt_node.cc:31:
  /home/havard/.node-gyp/8.4.0/include/node/v8.h:876:13: note: declared protected here
     V8_INLINE HandleScope() {}
               ^~~~~~~~~~~
  ../src/bcrypt_node.cc:359:14: error: request for member Length in args, which is of non-class type const int
       if (args.Length() < 3) {
                ^~~~~~
  ../src/bcrypt_node.cc:360:60: error: New is not a member of v8::String
           return ThrowException(Exception::TypeError(String::New("3 arguments expected")));
                                                              ^~~
  ../src/bcrypt_node.cc:360:16: error: ThrowException was not declared in this scope
           return ThrowException(Exception::TypeError(String::New("3 arguments expected")));
                  ^~~~~~~~~~~~~~
  ../src/bcrypt_node.cc:363:35: error: invalid types const int[int] for array subscript
       String::Utf8Value input(args[0]->ToString());
                                     ^
  ../src/bcrypt_node.cc:364:39: error: invalid types const int[int] for array subscript
       String::Utf8Value encrypted(args[1]->ToString());
                                         ^
  ../src/bcrypt_node.cc:365:60: error: invalid types const int[int] for array subscript
       Local<Function> callback = Local<Function>::Cast(args[2]);
                                                              ^
  ../src/bcrypt_node.cc:368:57: error: no matching function for call to v8::Persistent<v8::Function>::New(v8::Local<v8::Function>&)
       baton->callback = Persistent<Function>::New(callback);
                                                           ^
  In file included from /home/havard/.node-gyp/8.4.0/include/node/node.h:63:0,
                   from ../src/bcrypt_node.cc:31:
  /home/havard/.node-gyp/8.4.0/include/node/v8.h:8985:4: note: candidate: static T* v8::PersistentBase<T>::New(v8::Isolate*, T*) [with T = v8::Function]
   T* PersistentBase<T>::New(Isolate* isolate, T* that) {
      ^~~~~~~~~~~~~~~~~
  /home/havard/.node-gyp/8.4.0/include/node/v8.h:8985:4: note:   candidate expects 2 arguments, 1 provided
  ../src/bcrypt_node.cc:372:5: error: uv_work_t was not declared in this scope
       uv_work_t* req = new uv_work_t;
       ^~~~~~~~~
  ../src/bcrypt_node.cc:372:5: note: suggested alternative: uv_loop_s
       uv_work_t* req = new uv_work_t;
       ^~~~~~~~~
       uv_loop_s
  ../src/bcrypt_node.cc:372:16: error: req was not declared in this scope
       uv_work_t* req = new uv_work_t;
                  ^~~
  ../src/bcrypt_node.cc:372:16: note: suggested alternative: free
       uv_work_t* req = new uv_work_t;
                  ^~~
                  free
  ../src/bcrypt_node.cc:372:26: error: uv_work_t does not name a type; did you mean uv_loop_s?
       uv_work_t* req = new uv_work_t;
                            ^~~~~~~~~
                            uv_loop_s
  ../src/bcrypt_node.cc:374:19: error: uv_default_loop was not declared in this scope
       uv_queue_work(uv_default_loop(), req, CompareAsync, (uv_after_work_cb)CompareAsyncAfter);
                     ^~~~~~~~~~~~~~~
  ../src/bcrypt_node.cc:374:43: error: CompareAsync was not declared in this scope
       uv_queue_work(uv_default_loop(), req, CompareAsync, (uv_after_work_cb)CompareAsyncAfter);
                                             ^~~~~~~~~~~~
  ../src/bcrypt_node.cc:374:43: note: suggested alternative: Compare
       uv_queue_work(uv_default_loop(), req, CompareAsync, (uv_after_work_cb)CompareAsyncAfter);
                                             ^~~~~~~~~~~~
                                             Compare
  ../src/bcrypt_node.cc:374:58: error: uv_after_work_cb was not declared in this scope
       uv_queue_work(uv_default_loop(), req, CompareAsync, (uv_after_work_cb)CompareAsyncAfter);
                                                            ^~~~~~~~~~~~~~~~
  ../src/bcrypt_node.cc:374:5: error: uv_queue_work was not declared in this scope
       uv_queue_work(uv_default_loop(), req, CompareAsync, (uv_after_work_cb)CompareAsyncAfter);
       ^~~~~~~~~~~~~
  ../src/bcrypt_node.cc:376:22: error: too few arguments to function v8::Local<v8::Primitive> v8::Undefined(v8::Isolate*)
       return Undefined();
                        ^
  In file included from /home/havard/.node-gyp/8.4.0/include/node/node.h:63:0,
                   from ../src/bcrypt_node.cc:31:
  /home/havard/.node-gyp/8.4.0/include/node/v8.h:312:27: note: declared here
     friend Local<Primitive> Undefined(Isolate* isolate);
                             ^~~~~~~~~
  ../src/bcrypt_node.cc: At global scope:
  ../src/bcrypt_node.cc:379:33: error: Arguments does not name a type
   Handle<Value> CompareSync(const Arguments& args) {
                                   ^~~~~~~~~
  ../src/bcrypt_node.cc: In function v8::Handle<v8::Value> {anonymous}::CompareSync(const int&):
  ../src/bcrypt_node.cc:380:17: error: v8::HandleScope::HandleScope() is protected within this context
       HandleScope scope;
                   ^~~~~
  In file included from /home/havard/.node-gyp/8.4.0/include/node/node.h:63:0,
                   from ../src/bcrypt_node.cc:31:
  /home/havard/.node-gyp/8.4.0/include/node/v8.h:876:13: note: declared protected here
     V8_INLINE HandleScope() {}
               ^~~~~~~~~~~
  ../src/bcrypt_node.cc:382:14: error: request for member Length in args, which is of non-class type const int
       if (args.Length() < 2) {
                ^~~~~~
  ../src/bcrypt_node.cc:383:60: error: New is not a member of v8::String
           return ThrowException(Exception::TypeError(String::New("2 arguments expected")));
                                                              ^~~
  ../src/bcrypt_node.cc:383:16: error: ThrowException was not declared in this scope
           return ThrowException(Exception::TypeError(String::New("2 arguments expected")));
                  ^~~~~~~~~~~~~~
  ../src/bcrypt_node.cc:386:32: error: invalid types const int[int] for array subscript
       String::Utf8Value pw(args[0]->ToString());
                                  ^
  ../src/bcrypt_node.cc:387:34: error: invalid types const int[int] for array subscript
       String::Utf8Value hash(args[1]->ToString());
                                    ^
  ../src/bcrypt_node.cc:392:60: error: no matching function for call to v8::Boolean::New(bool)
           return Boolean::New(CompareStrings(bcrypted, *hash));
                                                              ^
  In file included from /home/havard/.node-gyp/8.4.0/include/node/node.h:63:0,
                   from ../src/bcrypt_node.cc:31:
  /home/havard/.node-gyp/8.4.0/include/node/v8.h:9393:16: note: candidate: static v8::Local<v8::Boolean> v8::Boolean::New(v8::Isolate*, bool)
   Local<Boolean> Boolean::New(Isolate* isolate, bool value) {
                  ^~~~~~~
  /home/havard/.node-gyp/8.4.0/include/node/v8.h:9393:16: note:   candidate expects 2 arguments, 1 provided
  ../src/bcrypt_node.cc:394:34: error: no matching function for call to v8::Boolean::New(bool)
           return Boolean::New(false);
                                    ^
  In file included from /home/havard/.node-gyp/8.4.0/include/node/node.h:63:0,
                   from ../src/bcrypt_node.cc:31:
  /home/havard/.node-gyp/8.4.0/include/node/v8.h:9393:16: note: candidate: static v8::Local<v8::Boolean> v8::Boolean::New(v8::Isolate*, bool)
   Local<Boolean> Boolean::New(Isolate* isolate, bool value) {
                  ^~~~~~~
  /home/havard/.node-gyp/8.4.0/include/node/v8.h:9393:16: note:   candidate expects 2 arguments, 1 provided
  ../src/bcrypt_node.cc: At global scope:
  ../src/bcrypt_node.cc:398:31: error: Arguments does not name a type
   Handle<Value> GetRounds(const Arguments& args) {
                                 ^~~~~~~~~
  ../src/bcrypt_node.cc: In function v8::Handle<v8::Value> {anonymous}::GetRounds(const int&):
  ../src/bcrypt_node.cc:399:17: error: v8::HandleScope::HandleScope() is protected within this context
       HandleScope scope;
                   ^~~~~
  In file included from /home/havard/.node-gyp/8.4.0/include/node/node.h:63:0,
                   from ../src/bcrypt_node.cc:31:
  /home/havard/.node-gyp/8.4.0/include/node/v8.h:876:13: note: declared protected here
     V8_INLINE HandleScope() {}
               ^~~~~~~~~~~
  ../src/bcrypt_node.cc:401:14: error: request for member Length in args, which is of non-class type const int
       if (args.Length() < 1) {
                ^~~~~~
  ../src/bcrypt_node.cc:402:60: error: New is not a member of v8::String
           return ThrowException(Exception::TypeError(String::New("1 argument expected")));
                                                              ^~~
  ../src/bcrypt_node.cc:402:16: error: ThrowException was not declared in this scope
           return ThrowException(Exception::TypeError(String::New("1 argument expected")));
                  ^~~~~~~~~~~~~~
  ../src/bcrypt_node.cc:405:34: error: invalid types const int[int] for array subscript
       String::Utf8Value hash(args[0]->ToString());
                                    ^
  ../src/bcrypt_node.cc:408:56: error: New is not a member of v8::String
           return ThrowException(Exception::Error(String::New("invalid hash provided")));
                                                          ^~~
  ../src/bcrypt_node.cc:408:16: error: ThrowException was not declared in this scope
           return ThrowException(Exception::Error(String::New("invalid hash provided")));
                  ^~~~~~~~~~~~~~
  ../src/bcrypt_node.cc:411:31: error: no matching function for call to v8::Integer::New(u_int32_t&)
       return Integer::New(rounds);
                                 ^
  In file included from /home/havard/.node-gyp/8.4.0/include/node/node.h:63:0,
                   from ../src/bcrypt_node.cc:31:
  /home/havard/.node-gyp/8.4.0/include/node/v8.h:2870:25: note: candidate: static v8::Local<v8::Integer> v8::Integer::New(v8::Isolate*, int32_t)
     static Local<Integer> New(Isolate* isolate, int32_t value);
                           ^~~
  /home/havard/.node-gyp/8.4.0/include/node/v8.h:2870:25: note:   candidate expects 2 arguments, 1 provided
  ../src/bcrypt_node.cc: In function void init(v8::Handle<v8::Object>):
  ../src/bcrypt_node.cc:418:17: error: v8::HandleScope::HandleScope() is protected within this context
       HandleScope scope;
                   ^~~~~
  In file included from /home/havard/.node-gyp/8.4.0/include/node/node.h:63:0,
                   from ../src/bcrypt_node.cc:31:
  /home/havard/.node-gyp/8.4.0/include/node/v8.h:876:13: note: declared protected here
     V8_INLINE HandleScope() {}
               ^~~~~~~~~~~
  ../src/bcrypt_node.cc:420:62: error: invalid conversion from v8::Handle<v8::Value> (*)(const int&) {aka v8::Local<v8::Value> (*)(const int&)} to v8::FunctionCallback {aka void (*)(const v8::FunctionCallbackInfo<v8::Value>&)} [-fpermissive]
       NODE_SET_METHOD(target, "gen_salt_sync", GenerateSaltSync);
                                                                ^
  In file included from ../src/bcrypt_node.cc:31:0:
  /home/havard/.node-gyp/8.4.0/include/node/node.h:291:13: note:   initializing argument 3 of void node::NODE_SET_METHOD(v8::Local<v8::Object>, const char*, v8::FunctionCallback)
   inline void NODE_SET_METHOD(v8::Local<v8::Object> recv,
               ^~~~~~~~~~~~~~~
  ../src/bcrypt_node.cc:421:56: error: invalid conversion from v8::Handle<v8::Value> (*)(const int&) {aka v8::Local<v8::Value> (*)(const int&)} to v8::FunctionCallback {aka void (*)(const v8::FunctionCallbackInfo<v8::Value>&)} [-fpermissive]
       NODE_SET_METHOD(target, "encrypt_sync", EncryptSync);
                                                          ^
  In file included from ../src/bcrypt_node.cc:31:0:
  /home/havard/.node-gyp/8.4.0/include/node/node.h:291:13: note:   initializing argument 3 of void node::NODE_SET_METHOD(v8::Local<v8::Object>, const char*, v8::FunctionCallback)
   inline void NODE_SET_METHOD(v8::Local<v8::Object> recv,
               ^~~~~~~~~~~~~~~
  ../src/bcrypt_node.cc:422:56: error: invalid conversion from v8::Handle<v8::Value> (*)(const int&) {aka v8::Local<v8::Value> (*)(const int&)} to v8::FunctionCallback {aka void (*)(const v8::FunctionCallbackInfo<v8::Value>&)} [-fpermissive]
       NODE_SET_METHOD(target, "compare_sync", CompareSync);
                                                          ^
  In file included from ../src/bcrypt_node.cc:31:0:
  /home/havard/.node-gyp/8.4.0/include/node/node.h:291:13: note:   initializing argument 3 of void node::NODE_SET_METHOD(v8::Local<v8::Object>, const char*, v8::FunctionCallback)
   inline void NODE_SET_METHOD(v8::Local<v8::Object> recv,
               ^~~~~~~~~~~~~~~
  ../src/bcrypt_node.cc:423:52: error: invalid conversion from v8::Handle<v8::Value> (*)(const int&) {aka v8::Local<v8::Value> (*)(const int&)} to v8::FunctionCallback {aka void (*)(const v8::FunctionCallbackInfo<v8::Value>&)} [-fpermissive]
       NODE_SET_METHOD(target, "get_rounds", GetRounds);
                                                      ^
  In file included from ../src/bcrypt_node.cc:31:0:
  /home/havard/.node-gyp/8.4.0/include/node/node.h:291:13: note:   initializing argument 3 of void node::NODE_SET_METHOD(v8::Local<v8::Object>, const char*, v8::FunctionCallback)
   inline void NODE_SET_METHOD(v8::Local<v8::Object> recv,
               ^~~~~~~~~~~~~~~
  ../src/bcrypt_node.cc:424:53: error: invalid conversion from v8::Handle<v8::Value> (*)(const int&) {aka v8::Local<v8::Value> (*)(const int&)} to v8::FunctionCallback {aka void (*)(const v8::FunctionCallbackInfo<v8::Value>&)} [-fpermissive]
       NODE_SET_METHOD(target, "gen_salt", GenerateSalt);
                                                       ^
  In file included from ../src/bcrypt_node.cc:31:0:
  /home/havard/.node-gyp/8.4.0/include/node/node.h:291:13: note:   initializing argument 3 of void node::NODE_SET_METHOD(v8::Local<v8::Object>, const char*, v8::FunctionCallback)
   inline void NODE_SET_METHOD(v8::Local<v8::Object> recv,
               ^~~~~~~~~~~~~~~
  ../src/bcrypt_node.cc:425:47: error: invalid conversion from v8::Handle<v8::Value> (*)(const int&) {aka v8::Local<v8::Value> (*)(const int&)} to v8::FunctionCallback {aka void (*)(const v8::FunctionCallbackInfo<v8::Value>&)} [-fpermissive]
       NODE_SET_METHOD(target, "encrypt", Encrypt);
                                                 ^
  In file included from ../src/bcrypt_node.cc:31:0:
  /home/havard/.node-gyp/8.4.0/include/node/node.h:291:13: note:   initializing argument 3 of void node::NODE_SET_METHOD(v8::Local<v8::Object>, const char*, v8::FunctionCallback)
   inline void NODE_SET_METHOD(v8::Local<v8::Object> recv,
               ^~~~~~~~~~~~~~~
  ../src/bcrypt_node.cc:426:47: error: invalid conversion from v8::Handle<v8::Value> (*)(const int&) {aka v8::Local<v8::Value> (*)(const int&)} to v8::FunctionCallback {aka void (*)(const v8::FunctionCallbackInfo<v8::Value>&)} [-fpermissive]
       NODE_SET_METHOD(target, "compare", Compare);
                                                 ^
  In file included from ../src/bcrypt_node.cc:31:0:
  /home/havard/.node-gyp/8.4.0/include/node/node.h:291:13: note:   initializing argument 3 of void node::NODE_SET_METHOD(v8::Local<v8::Object>, const char*, v8::FunctionCallback)
   inline void NODE_SET_METHOD(v8::Local<v8::Object> recv,
               ^~~~~~~~~~~~~~~
  make: *** [bcrypt_lib.target.mk:95: Release/obj.target/bcrypt_lib/src/bcrypt_node.o] Error 1
  make: Leaving directory '/home/havard/dev/lifefeed/server/node_modules/bcrypt/build'
  gyp ERR! build error 
  gyp ERR! stack Error: `make` failed with exit code: 2
  gyp ERR! stack     at ChildProcess.onExit (/home/havard/.nvm/versions/node/v8.4.0/lib/node_modules/npm/node_modules/node-gyp/lib/build.js:258:23)
  gyp ERR! stack     at emitTwo (events.js:125:13)
  gyp ERR! stack     at ChildProcess.emit (events.js:213:7)
  gyp ERR! stack     at Process.ChildProcess._handle.onexit (internal/child_process.js:200:12)
  gyp ERR! System Linux 4.15.1-2-ARCH
  gyp ERR! command "/home/havard/.nvm/versions/node/v8.4.0/bin/node" "/home/havard/.nvm/versions/node/v8.4.0/lib/node_modules/npm/node_modules/node-gyp/bin/node-gyp.js" "rebuild"
  gyp ERR! cwd /home/havard/dev/lifefeed/server/node_modules/bcrypt
  gyp ERR! node -v v8.4.0
  gyp ERR! node-gyp -v v3.6.2
  gyp ERR! not ok
      at ProcessTermError.MessageError (/home/havard/.nvm/versions/node/v8.4.0/lib/node_modules/yarn/lib/cli.js:186:110)
      at new ProcessTermError (/home/havard/.nvm/versions/node/v8.4.0/lib/node_modules/yarn/lib/cli.js:226:113)
      at ChildProcess.<anonymous> (/home/havard/.nvm/versions/node/v8.4.0/lib/node_modules/yarn/lib/cli.js:30281:17)
      at emitTwo (events.js:125:13)
      at ChildProcess.emit (events.js:213:7)
      at maybeClose (internal/child_process.js:927:16)
      at Process.ChildProcess._handle.onexit (internal/child_process.js:211:5)
